2025-05-27T11:57:26.673+08:00  INFO 8296 --- [springboot-jpa-book] [main] c.e.demo.SpringbootJpaBookApplication    : Starting SpringbootJpaBookApplication using Java 21.0.6 with PID 8296 (E:\EclipseProject\springboot-jpa-book\target\classes started by NTPU in E:\EclipseProject\springboot-jpa-book)
2025-05-27T11:57:26.675+08:00  INFO 8296 --- [springboot-jpa-book] [main] c.e.demo.SpringbootJpaBookApplication    : No active profile set, falling back to 1 default profile: "default"
2025-05-27T11:57:26.993+08:00  INFO 8296 --- [springboot-jpa-book] [main] .s.d.r.c.RepositoryConfigurationDelegate : Multiple Spring Data modules found, entering strict repository configuration mode
2025-05-27T11:57:26.994+08:00  INFO 8296 --- [springboot-jpa-book] [main] .s.d.r.c.RepositoryConfigurationDelegate : Bootstrapping Spring Data JDBC repositories in DEFAULT mode.
2025-05-27T11:57:27.012+08:00  INFO 8296 --- [springboot-jpa-book] [main] .RepositoryConfigurationExtensionSupport : Spring Data JDBC - Could not safely identify store assignment for repository candidate interface com.example.demo.repository.AuthorRepository; If you want this repository to be a JDBC repository, consider annotating your entities with one of these annotations: org.springframework.data.relational.core.mapping.Table.
2025-05-27T11:57:27.013+08:00  INFO 8296 --- [springboot-jpa-book] [main] .RepositoryConfigurationExtensionSupport : Spring Data JDBC - Could not safely identify store assignment for repository candidate interface com.example.demo.repository.BiographyRepository; If you want this repository to be a JDBC repository, consider annotating your entities with one of these annotations: org.springframework.data.relational.core.mapping.Table.
2025-05-27T11:57:27.014+08:00  INFO 8296 --- [springboot-jpa-book] [main] .RepositoryConfigurationExtensionSupport : Spring Data JDBC - Could not safely identify store assignment for repository candidate interface com.example.demo.repository.BookRepository; If you want this repository to be a JDBC repository, consider annotating your entities with one of these annotations: org.springframework.data.relational.core.mapping.Table.
2025-05-27T11:57:27.014+08:00  INFO 8296 --- [springboot-jpa-book] [main] .RepositoryConfigurationExtensionSupport : Spring Data JDBC - Could not safely identify store assignment for repository candidate interface com.example.demo.repository.PublisherRepository; If you want this repository to be a JDBC repository, consider annotating your entities with one of these annotations: org.springframework.data.relational.core.mapping.Table.
2025-05-27T11:57:27.015+08:00  INFO 8296 --- [springboot-jpa-book] [main] .s.d.r.c.RepositoryConfigurationDelegate : Finished Spring Data repository scanning in 17 ms. Found 0 JDBC repository interfaces.
2025-05-27T11:57:27.021+08:00  INFO 8296 --- [springboot-jpa-book] [main] .s.d.r.c.RepositoryConfigurationDelegate : Multiple Spring Data modules found, entering strict repository configuration mode
2025-05-27T11:57:27.021+08:00  INFO 8296 --- [springboot-jpa-book] [main] .s.d.r.c.RepositoryConfigurationDelegate : Bootstrapping Spring Data JPA repositories in DEFAULT mode.
2025-05-27T11:57:27.038+08:00  INFO 8296 --- [springboot-jpa-book] [main] .s.d.r.c.RepositoryConfigurationDelegate : Finished Spring Data repository scanning in 13 ms. Found 4 JPA repository interfaces.
2025-05-27T11:57:27.263+08:00  INFO 8296 --- [springboot-jpa-book] [main] o.s.b.w.embedded.tomcat.TomcatWebServer  : Tomcat initialized with port 8082 (http)
2025-05-27T11:57:27.271+08:00  INFO 8296 --- [springboot-jpa-book] [main] o.apache.catalina.core.StandardService   : Starting service [Tomcat]
2025-05-27T11:57:27.272+08:00  INFO 8296 --- [springboot-jpa-book] [main] o.apache.catalina.core.StandardEngine    : Starting Servlet engine: [Apache Tomcat/10.1.41]
2025-05-27T11:57:27.298+08:00  INFO 8296 --- [springboot-jpa-book] [main] o.a.c.c.C.[Tomcat].[localhost].[/]       : Initializing Spring embedded WebApplicationContext
2025-05-27T11:57:27.298+08:00  INFO 8296 --- [springboot-jpa-book] [main] w.s.c.ServletWebServerApplicationContext : Root WebApplicationContext: initialization completed in 603 ms
2025-05-27T11:57:27.382+08:00  INFO 8296 --- [springboot-jpa-book] [main] o.hibernate.jpa.internal.util.LogHelper  : HHH000204: Processing PersistenceUnitInfo [name: default]
2025-05-27T11:57:27.407+08:00  INFO 8296 --- [springboot-jpa-book] [main] org.hibernate.Version                    : HHH000412: Hibernate ORM core version 6.6.15.Final
2025-05-27T11:57:27.425+08:00  INFO 8296 --- [springboot-jpa-book] [main] o.h.c.internal.RegionFactoryInitiator    : HHH000026: Second-level cache disabled
2025-05-27T11:57:27.576+08:00  INFO 8296 --- [springboot-jpa-book] [main] o.s.o.j.p.SpringPersistenceUnitInfo      : No LoadTimeWeaver setup: ignoring JPA class transformer
2025-05-27T11:57:27.593+08:00  INFO 8296 --- [springboot-jpa-book] [main] com.zaxxer.hikari.HikariDataSource       : HikariPool-1 - Starting...
2025-05-27T11:57:27.685+08:00  INFO 8296 --- [springboot-jpa-book] [main] com.zaxxer.hikari.pool.HikariPool        : HikariPool-1 - Added connection com.mysql.cj.jdbc.ConnectionImpl@134d7ffa
2025-05-27T11:57:27.687+08:00  INFO 8296 --- [springboot-jpa-book] [main] com.zaxxer.hikari.HikariDataSource       : HikariPool-1 - Start completed.
2025-05-27T11:57:27.730+08:00  INFO 8296 --- [springboot-jpa-book] [main] org.hibernate.orm.connections.pooling    : HHH10001005: Database info:
	Database JDBC URL [Connecting through datasource 'HikariDataSource (HikariPool-1)']
	Database driver: undefined/unknown
	Database version: 8.0.34
	Autocommit mode: undefined/unknown
	Isolation level: undefined/unknown
	Minimum pool size: undefined/unknown
	Maximum pool size: undefined/unknown
2025-05-27T11:57:28.234+08:00  INFO 8296 --- [springboot-jpa-book] [main] o.h.e.t.j.p.i.JtaPlatformInitiator       : HHH000489: No JTA platform available (set 'hibernate.transaction.jta.platform' to enable JTA platform integration)
2025-05-27T11:57:28.276+08:00  INFO 8296 --- [springboot-jpa-book] [main] j.LocalContainerEntityManagerFactoryBean : Initialized JPA EntityManagerFactory for persistence unit 'default'
2025-05-27T11:57:28.625+08:00  INFO 8296 --- [springboot-jpa-book] [main] o.s.d.j.r.query.QueryEnhancerFactory     : Hibernate is in classpath; If applicable, HQL parser will be used.
2025-05-27T11:57:28.962+08:00  INFO 8296 --- [springboot-jpa-book] [main] o.s.b.w.embedded.tomcat.TomcatWebServer  : Tomcat started on port 8082 (http) with context path '/'
2025-05-27T11:57:28.967+08:00  INFO 8296 --- [springboot-jpa-book] [main] c.e.demo.SpringbootJpaBookApplication    : Started SpringbootJpaBookApplication in 2.518 seconds (process running for 2.837)
2025-05-27T11:57:29.489+08:00  INFO 8296 --- [springboot-jpa-book] [RMI TCP Connection(7)-127.0.0.1] inMXBeanRegistrar$SpringApplicationAdmin : Application shutdown requested.
2025-05-27T11:57:29.491+08:00  INFO 8296 --- [springboot-jpa-book] [RMI TCP Connection(7)-127.0.0.1] o.s.b.w.e.tomcat.GracefulShutdown        : Commencing graceful shutdown. Waiting for active requests to complete
2025-05-27T11:57:29.493+08:00  INFO 8296 --- [springboot-jpa-book] [tomcat-shutdown] o.s.b.w.e.tomcat.GracefulShutdown        : Graceful shutdown complete
2025-05-27T11:57:29.495+08:00  INFO 8296 --- [springboot-jpa-book] [RMI TCP Connection(7)-127.0.0.1] j.LocalContainerEntityManagerFactoryBean : Closing JPA EntityManagerFactory for persistence unit 'default'
2025-05-27T11:57:29.496+08:00  INFO 8296 --- [springboot-jpa-book] [RMI TCP Connection(7)-127.0.0.1] com.zaxxer.hikari.HikariDataSource       : HikariPool-1 - Shutdown initiated...
2025-05-27T11:57:29.500+08:00  INFO 8296 --- [springboot-jpa-book] [RMI TCP Connection(7)-127.0.0.1] com.zaxxer.hikari.HikariDataSource       : HikariPool-1 - Shutdown completed.
2025-05-27T13:24:49.411+08:00  INFO 2292 --- [springboot-jpa-book] [main] com.example.demo.Test_AddAuthor          : Starting Test_AddAuthor using Java 21.0.6 with PID 2292 (started by NTPU in E:\EclipseProject\springboot-jpa-book)
2025-05-27T13:24:49.412+08:00  INFO 2292 --- [springboot-jpa-book] [main] com.example.demo.Test_AddAuthor          : No active profile set, falling back to 1 default profile: "default"
2025-05-27T13:24:49.771+08:00  INFO 2292 --- [springboot-jpa-book] [main] .s.d.r.c.RepositoryConfigurationDelegate : Multiple Spring Data modules found, entering strict repository configuration mode
2025-05-27T13:24:49.772+08:00  INFO 2292 --- [springboot-jpa-book] [main] .s.d.r.c.RepositoryConfigurationDelegate : Bootstrapping Spring Data JDBC repositories in DEFAULT mode.
2025-05-27T13:24:49.792+08:00  INFO 2292 --- [springboot-jpa-book] [main] .RepositoryConfigurationExtensionSupport : Spring Data JDBC - Could not safely identify store assignment for repository candidate interface com.example.demo.repository.AuthorRepository; If you want this repository to be a JDBC repository, consider annotating your entities with one of these annotations: org.springframework.data.relational.core.mapping.Table.
2025-05-27T13:24:49.794+08:00  INFO 2292 --- [springboot-jpa-book] [main] .RepositoryConfigurationExtensionSupport : Spring Data JDBC - Could not safely identify store assignment for repository candidate interface com.example.demo.repository.BiographyRepository; If you want this repository to be a JDBC repository, consider annotating your entities with one of these annotations: org.springframework.data.relational.core.mapping.Table.
2025-05-27T13:24:49.794+08:00  INFO 2292 --- [springboot-jpa-book] [main] .RepositoryConfigurationExtensionSupport : Spring Data JDBC - Could not safely identify store assignment for repository candidate interface com.example.demo.repository.BookRepository; If you want this repository to be a JDBC repository, consider annotating your entities with one of these annotations: org.springframework.data.relational.core.mapping.Table.
2025-05-27T13:24:49.795+08:00  INFO 2292 --- [springboot-jpa-book] [main] .RepositoryConfigurationExtensionSupport : Spring Data JDBC - Could not safely identify store assignment for repository candidate interface com.example.demo.repository.PublisherRepository; If you want this repository to be a JDBC repository, consider annotating your entities with one of these annotations: org.springframework.data.relational.core.mapping.Table.
2025-05-27T13:24:49.796+08:00  INFO 2292 --- [springboot-jpa-book] [main] .s.d.r.c.RepositoryConfigurationDelegate : Finished Spring Data repository scanning in 19 ms. Found 0 JDBC repository interfaces.
2025-05-27T13:24:49.803+08:00  INFO 2292 --- [springboot-jpa-book] [main] .s.d.r.c.RepositoryConfigurationDelegate : Multiple Spring Data modules found, entering strict repository configuration mode
2025-05-27T13:24:49.804+08:00  INFO 2292 --- [springboot-jpa-book] [main] .s.d.r.c.RepositoryConfigurationDelegate : Bootstrapping Spring Data JPA repositories in DEFAULT mode.
2025-05-27T13:24:49.828+08:00  INFO 2292 --- [springboot-jpa-book] [main] .s.d.r.c.RepositoryConfigurationDelegate : Finished Spring Data repository scanning in 21 ms. Found 4 JPA repository interfaces.
2025-05-27T13:24:50.062+08:00  INFO 2292 --- [springboot-jpa-book] [main] o.hibernate.jpa.internal.util.LogHelper  : HHH000204: Processing PersistenceUnitInfo [name: default]
2025-05-27T13:24:50.091+08:00  INFO 2292 --- [springboot-jpa-book] [main] org.hibernate.Version                    : HHH000412: Hibernate ORM core version 6.6.15.Final
2025-05-27T13:24:50.111+08:00  INFO 2292 --- [springboot-jpa-book] [main] o.h.c.internal.RegionFactoryInitiator    : HHH000026: Second-level cache disabled
2025-05-27T13:24:50.301+08:00  INFO 2292 --- [springboot-jpa-book] [main] o.s.o.j.p.SpringPersistenceUnitInfo      : No LoadTimeWeaver setup: ignoring JPA class transformer
2025-05-27T13:24:50.323+08:00  INFO 2292 --- [springboot-jpa-book] [main] com.zaxxer.hikari.HikariDataSource       : HikariPool-1 - Starting...
2025-05-27T13:24:50.426+08:00  INFO 2292 --- [springboot-jpa-book] [main] com.zaxxer.hikari.pool.HikariPool        : HikariPool-1 - Added connection com.mysql.cj.jdbc.ConnectionImpl@2d6a0766
2025-05-27T13:24:50.426+08:00  INFO 2292 --- [springboot-jpa-book] [main] com.zaxxer.hikari.HikariDataSource       : HikariPool-1 - Start completed.
2025-05-27T13:24:50.469+08:00  INFO 2292 --- [springboot-jpa-book] [main] org.hibernate.orm.connections.pooling    : HHH10001005: Database info:
	Database JDBC URL [Connecting through datasource 'HikariDataSource (HikariPool-1)']
	Database driver: undefined/unknown
	Database version: 8.0.34
	Autocommit mode: undefined/unknown
	Isolation level: undefined/unknown
	Minimum pool size: undefined/unknown
	Maximum pool size: undefined/unknown
2025-05-27T13:24:50.978+08:00  INFO 2292 --- [springboot-jpa-book] [main] o.h.e.t.j.p.i.JtaPlatformInitiator       : HHH000489: No JTA platform available (set 'hibernate.transaction.jta.platform' to enable JTA platform integration)
2025-05-27T13:24:51.020+08:00  INFO 2292 --- [springboot-jpa-book] [main] j.LocalContainerEntityManagerFactoryBean : Initialized JPA EntityManagerFactory for persistence unit 'default'
2025-05-27T13:24:51.501+08:00  INFO 2292 --- [springboot-jpa-book] [main] o.s.d.j.r.query.QueryEnhancerFactory     : Hibernate is in classpath; If applicable, HQL parser will be used.
2025-05-27T13:24:51.847+08:00  INFO 2292 --- [springboot-jpa-book] [main] com.example.demo.Test_AddAuthor          : Started Test_AddAuthor in 2.64 seconds (process running for 3.253)
2025-05-27T13:24:52.143+08:00  INFO 2292 --- [springboot-jpa-book] [SpringApplicationShutdownHook] j.LocalContainerEntityManagerFactoryBean : Closing JPA EntityManagerFactory for persistence unit 'default'
2025-05-27T13:24:52.145+08:00  INFO 2292 --- [springboot-jpa-book] [SpringApplicationShutdownHook] com.zaxxer.hikari.HikariDataSource       : HikariPool-1 - Shutdown initiated...
2025-05-27T13:24:52.149+08:00  INFO 2292 --- [springboot-jpa-book] [SpringApplicationShutdownHook] com.zaxxer.hikari.HikariDataSource       : HikariPool-1 - Shutdown completed.
2025-05-27T13:26:36.911+08:00  INFO 3908 --- [springboot-jpa-book] [main] com.example.demo.Test_AddBiography       : Starting Test_AddBiography using Java 21.0.6 with PID 3908 (started by NTPU in E:\EclipseProject\springboot-jpa-book)
2025-05-27T13:26:36.912+08:00  INFO 3908 --- [springboot-jpa-book] [main] com.example.demo.Test_AddBiography       : No active profile set, falling back to 1 default profile: "default"
2025-05-27T13:26:37.273+08:00  INFO 3908 --- [springboot-jpa-book] [main] .s.d.r.c.RepositoryConfigurationDelegate : Multiple Spring Data modules found, entering strict repository configuration mode
2025-05-27T13:26:37.274+08:00  INFO 3908 --- [springboot-jpa-book] [main] .s.d.r.c.RepositoryConfigurationDelegate : Bootstrapping Spring Data JDBC repositories in DEFAULT mode.
2025-05-27T13:26:37.292+08:00  INFO 3908 --- [springboot-jpa-book] [main] .RepositoryConfigurationExtensionSupport : Spring Data JDBC - Could not safely identify store assignment for repository candidate interface com.example.demo.repository.AuthorRepository; If you want this repository to be a JDBC repository, consider annotating your entities with one of these annotations: org.springframework.data.relational.core.mapping.Table.
2025-05-27T13:26:37.293+08:00  INFO 3908 --- [springboot-jpa-book] [main] .RepositoryConfigurationExtensionSupport : Spring Data JDBC - Could not safely identify store assignment for repository candidate interface com.example.demo.repository.BiographyRepository; If you want this repository to be a JDBC repository, consider annotating your entities with one of these annotations: org.springframework.data.relational.core.mapping.Table.
2025-05-27T13:26:37.294+08:00  INFO 3908 --- [springboot-jpa-book] [main] .RepositoryConfigurationExtensionSupport : Spring Data JDBC - Could not safely identify store assignment for repository candidate interface com.example.demo.repository.BookRepository; If you want this repository to be a JDBC repository, consider annotating your entities with one of these annotations: org.springframework.data.relational.core.mapping.Table.
2025-05-27T13:26:37.295+08:00  INFO 3908 --- [springboot-jpa-book] [main] .RepositoryConfigurationExtensionSupport : Spring Data JDBC - Could not safely identify store assignment for repository candidate interface com.example.demo.repository.PublisherRepository; If you want this repository to be a JDBC repository, consider annotating your entities with one of these annotations: org.springframework.data.relational.core.mapping.Table.
2025-05-27T13:26:37.295+08:00  INFO 3908 --- [springboot-jpa-book] [main] .s.d.r.c.RepositoryConfigurationDelegate : Finished Spring Data repository scanning in 17 ms. Found 0 JDBC repository interfaces.
2025-05-27T13:26:37.303+08:00  INFO 3908 --- [springboot-jpa-book] [main] .s.d.r.c.RepositoryConfigurationDelegate : Multiple Spring Data modules found, entering strict repository configuration mode
2025-05-27T13:26:37.303+08:00  INFO 3908 --- [springboot-jpa-book] [main] .s.d.r.c.RepositoryConfigurationDelegate : Bootstrapping Spring Data JPA repositories in DEFAULT mode.
2025-05-27T13:26:37.325+08:00  INFO 3908 --- [springboot-jpa-book] [main] .s.d.r.c.RepositoryConfigurationDelegate : Finished Spring Data repository scanning in 18 ms. Found 4 JPA repository interfaces.
2025-05-27T13:26:37.556+08:00  INFO 3908 --- [springboot-jpa-book] [main] o.hibernate.jpa.internal.util.LogHelper  : HHH000204: Processing PersistenceUnitInfo [name: default]
2025-05-27T13:26:37.583+08:00  INFO 3908 --- [springboot-jpa-book] [main] org.hibernate.Version                    : HHH000412: Hibernate ORM core version 6.6.15.Final
2025-05-27T13:26:37.604+08:00  INFO 3908 --- [springboot-jpa-book] [main] o.h.c.internal.RegionFactoryInitiator    : HHH000026: Second-level cache disabled
2025-05-27T13:26:37.782+08:00  INFO 3908 --- [springboot-jpa-book] [main] o.s.o.j.p.SpringPersistenceUnitInfo      : No LoadTimeWeaver setup: ignoring JPA class transformer
2025-05-27T13:26:37.801+08:00  INFO 3908 --- [springboot-jpa-book] [main] com.zaxxer.hikari.HikariDataSource       : HikariPool-1 - Starting...
2025-05-27T13:26:37.898+08:00  INFO 3908 --- [springboot-jpa-book] [main] com.zaxxer.hikari.pool.HikariPool        : HikariPool-1 - Added connection com.mysql.cj.jdbc.ConnectionImpl@29c1249a
2025-05-27T13:26:37.899+08:00  INFO 3908 --- [springboot-jpa-book] [main] com.zaxxer.hikari.HikariDataSource       : HikariPool-1 - Start completed.
2025-05-27T13:26:37.943+08:00  INFO 3908 --- [springboot-jpa-book] [main] org.hibernate.orm.connections.pooling    : HHH10001005: Database info:
	Database JDBC URL [Connecting through datasource 'HikariDataSource (HikariPool-1)']
	Database driver: undefined/unknown
	Database version: 8.0.34
	Autocommit mode: undefined/unknown
	Isolation level: undefined/unknown
	Minimum pool size: undefined/unknown
	Maximum pool size: undefined/unknown
2025-05-27T13:26:38.452+08:00  INFO 3908 --- [springboot-jpa-book] [main] o.h.e.t.j.p.i.JtaPlatformInitiator       : HHH000489: No JTA platform available (set 'hibernate.transaction.jta.platform' to enable JTA platform integration)
2025-05-27T13:26:38.496+08:00  INFO 3908 --- [springboot-jpa-book] [main] j.LocalContainerEntityManagerFactoryBean : Initialized JPA EntityManagerFactory for persistence unit 'default'
2025-05-27T13:26:38.979+08:00  INFO 3908 --- [springboot-jpa-book] [main] o.s.d.j.r.query.QueryEnhancerFactory     : Hibernate is in classpath; If applicable, HQL parser will be used.
2025-05-27T13:26:39.319+08:00  INFO 3908 --- [springboot-jpa-book] [main] com.example.demo.Test_AddBiography       : Started Test_AddBiography in 2.606 seconds (process running for 3.153)
2025-05-27T13:26:39.647+08:00  INFO 3908 --- [springboot-jpa-book] [SpringApplicationShutdownHook] j.LocalContainerEntityManagerFactoryBean : Closing JPA EntityManagerFactory for persistence unit 'default'
2025-05-27T13:26:39.648+08:00  INFO 3908 --- [springboot-jpa-book] [SpringApplicationShutdownHook] com.zaxxer.hikari.HikariDataSource       : HikariPool-1 - Shutdown initiated...
2025-05-27T13:26:39.653+08:00  INFO 3908 --- [springboot-jpa-book] [SpringApplicationShutdownHook] com.zaxxer.hikari.HikariDataSource       : HikariPool-1 - Shutdown completed.
2025-05-27T13:27:11.512+08:00  INFO 12644 --- [springboot-jpa-book] [main] com.example.demo.Test_AddBiography       : Starting Test_AddBiography using Java 21.0.6 with PID 12644 (started by NTPU in E:\EclipseProject\springboot-jpa-book)
2025-05-27T13:27:11.513+08:00  INFO 12644 --- [springboot-jpa-book] [main] com.example.demo.Test_AddBiography       : No active profile set, falling back to 1 default profile: "default"
2025-05-27T13:27:11.887+08:00  INFO 12644 --- [springboot-jpa-book] [main] .s.d.r.c.RepositoryConfigurationDelegate : Multiple Spring Data modules found, entering strict repository configuration mode
2025-05-27T13:27:11.888+08:00  INFO 12644 --- [springboot-jpa-book] [main] .s.d.r.c.RepositoryConfigurationDelegate : Bootstrapping Spring Data JDBC repositories in DEFAULT mode.
2025-05-27T13:27:11.907+08:00  INFO 12644 --- [springboot-jpa-book] [main] .RepositoryConfigurationExtensionSupport : Spring Data JDBC - Could not safely identify store assignment for repository candidate interface com.example.demo.repository.AuthorRepository; If you want this repository to be a JDBC repository, consider annotating your entities with one of these annotations: org.springframework.data.relational.core.mapping.Table.
2025-05-27T13:27:11.908+08:00  INFO 12644 --- [springboot-jpa-book] [main] .RepositoryConfigurationExtensionSupport : Spring Data JDBC - Could not safely identify store assignment for repository candidate interface com.example.demo.repository.BiographyRepository; If you want this repository to be a JDBC repository, consider annotating your entities with one of these annotations: org.springframework.data.relational.core.mapping.Table.
2025-05-27T13:27:11.909+08:00  INFO 12644 --- [springboot-jpa-book] [main] .RepositoryConfigurationExtensionSupport : Spring Data JDBC - Could not safely identify store assignment for repository candidate interface com.example.demo.repository.BookRepository; If you want this repository to be a JDBC repository, consider annotating your entities with one of these annotations: org.springframework.data.relational.core.mapping.Table.
2025-05-27T13:27:11.910+08:00  INFO 12644 --- [springboot-jpa-book] [main] .RepositoryConfigurationExtensionSupport : Spring Data JDBC - Could not safely identify store assignment for repository candidate interface com.example.demo.repository.PublisherRepository; If you want this repository to be a JDBC repository, consider annotating your entities with one of these annotations: org.springframework.data.relational.core.mapping.Table.
2025-05-27T13:27:11.910+08:00  INFO 12644 --- [springboot-jpa-book] [main] .s.d.r.c.RepositoryConfigurationDelegate : Finished Spring Data repository scanning in 18 ms. Found 0 JDBC repository interfaces.
2025-05-27T13:27:11.918+08:00  INFO 12644 --- [springboot-jpa-book] [main] .s.d.r.c.RepositoryConfigurationDelegate : Multiple Spring Data modules found, entering strict repository configuration mode
2025-05-27T13:27:11.918+08:00  INFO 12644 --- [springboot-jpa-book] [main] .s.d.r.c.RepositoryConfigurationDelegate : Bootstrapping Spring Data JPA repositories in DEFAULT mode.
2025-05-27T13:27:11.938+08:00  INFO 12644 --- [springboot-jpa-book] [main] .s.d.r.c.RepositoryConfigurationDelegate : Finished Spring Data repository scanning in 17 ms. Found 4 JPA repository interfaces.
2025-05-27T13:27:12.166+08:00  INFO 12644 --- [springboot-jpa-book] [main] o.hibernate.jpa.internal.util.LogHelper  : HHH000204: Processing PersistenceUnitInfo [name: default]
2025-05-27T13:27:12.197+08:00  INFO 12644 --- [springboot-jpa-book] [main] org.hibernate.Version                    : HHH000412: Hibernate ORM core version 6.6.15.Final
2025-05-27T13:27:12.220+08:00  INFO 12644 --- [springboot-jpa-book] [main] o.h.c.internal.RegionFactoryInitiator    : HHH000026: Second-level cache disabled
2025-05-27T13:27:12.405+08:00  INFO 12644 --- [springboot-jpa-book] [main] o.s.o.j.p.SpringPersistenceUnitInfo      : No LoadTimeWeaver setup: ignoring JPA class transformer
2025-05-27T13:27:12.427+08:00  INFO 12644 --- [springboot-jpa-book] [main] com.zaxxer.hikari.HikariDataSource       : HikariPool-1 - Starting...
2025-05-27T13:27:12.530+08:00  INFO 12644 --- [springboot-jpa-book] [main] com.zaxxer.hikari.pool.HikariPool        : HikariPool-1 - Added connection com.mysql.cj.jdbc.ConnectionImpl@29c1249a
2025-05-27T13:27:12.531+08:00  INFO 12644 --- [springboot-jpa-book] [main] com.zaxxer.hikari.HikariDataSource       : HikariPool-1 - Start completed.
2025-05-27T13:27:12.576+08:00  INFO 12644 --- [springboot-jpa-book] [main] org.hibernate.orm.connections.pooling    : HHH10001005: Database info:
	Database JDBC URL [Connecting through datasource 'HikariDataSource (HikariPool-1)']
	Database driver: undefined/unknown
	Database version: 8.0.34
	Autocommit mode: undefined/unknown
	Isolation level: undefined/unknown
	Minimum pool size: undefined/unknown
	Maximum pool size: undefined/unknown
2025-05-27T13:27:13.087+08:00  INFO 12644 --- [springboot-jpa-book] [main] o.h.e.t.j.p.i.JtaPlatformInitiator       : HHH000489: No JTA platform available (set 'hibernate.transaction.jta.platform' to enable JTA platform integration)
2025-05-27T13:27:13.135+08:00  INFO 12644 --- [springboot-jpa-book] [main] j.LocalContainerEntityManagerFactoryBean : Initialized JPA EntityManagerFactory for persistence unit 'default'
2025-05-27T13:27:13.603+08:00  INFO 12644 --- [springboot-jpa-book] [main] o.s.d.j.r.query.QueryEnhancerFactory     : Hibernate is in classpath; If applicable, HQL parser will be used.
2025-05-27T13:27:13.961+08:00  INFO 12644 --- [springboot-jpa-book] [main] com.example.demo.Test_AddBiography       : Started Test_AddBiography in 2.66 seconds (process running for 3.21)
2025-05-27T13:27:14.276+08:00  INFO 12644 --- [springboot-jpa-book] [SpringApplicationShutdownHook] j.LocalContainerEntityManagerFactoryBean : Closing JPA EntityManagerFactory for persistence unit 'default'
2025-05-27T13:27:14.277+08:00  INFO 12644 --- [springboot-jpa-book] [SpringApplicationShutdownHook] com.zaxxer.hikari.HikariDataSource       : HikariPool-1 - Shutdown initiated...
2025-05-27T13:27:14.281+08:00  INFO 12644 --- [springboot-jpa-book] [SpringApplicationShutdownHook] com.zaxxer.hikari.HikariDataSource       : HikariPool-1 - Shutdown completed.
2025-05-27T13:29:28.150+08:00  INFO 12352 --- [springboot-jpa-book] [main] com.example.demo.Test_AddBook            : Starting Test_AddBook using Java 21.0.6 with PID 12352 (started by NTPU in E:\EclipseProject\springboot-jpa-book)
2025-05-27T13:29:28.151+08:00  INFO 12352 --- [springboot-jpa-book] [main] com.example.demo.Test_AddBook            : No active profile set, falling back to 1 default profile: "default"
2025-05-27T13:29:28.594+08:00  INFO 12352 --- [springboot-jpa-book] [main] .s.d.r.c.RepositoryConfigurationDelegate : Multiple Spring Data modules found, entering strict repository configuration mode
2025-05-27T13:29:28.595+08:00  INFO 12352 --- [springboot-jpa-book] [main] .s.d.r.c.RepositoryConfigurationDelegate : Bootstrapping Spring Data JDBC repositories in DEFAULT mode.
2025-05-27T13:29:28.621+08:00  INFO 12352 --- [springboot-jpa-book] [main] .RepositoryConfigurationExtensionSupport : Spring Data JDBC - Could not safely identify store assignment for repository candidate interface com.example.demo.repository.AuthorRepository; If you want this repository to be a JDBC repository, consider annotating your entities with one of these annotations: org.springframework.data.relational.core.mapping.Table.
2025-05-27T13:29:28.623+08:00  INFO 12352 --- [springboot-jpa-book] [main] .RepositoryConfigurationExtensionSupport : Spring Data JDBC - Could not safely identify store assignment for repository candidate interface com.example.demo.repository.BiographyRepository; If you want this repository to be a JDBC repository, consider annotating your entities with one of these annotations: org.springframework.data.relational.core.mapping.Table.
2025-05-27T13:29:28.624+08:00  INFO 12352 --- [springboot-jpa-book] [main] .RepositoryConfigurationExtensionSupport : Spring Data JDBC - Could not safely identify store assignment for repository candidate interface com.example.demo.repository.BookRepository; If you want this repository to be a JDBC repository, consider annotating your entities with one of these annotations: org.springframework.data.relational.core.mapping.Table.
2025-05-27T13:29:28.625+08:00  INFO 12352 --- [springboot-jpa-book] [main] .RepositoryConfigurationExtensionSupport : Spring Data JDBC - Could not safely identify store assignment for repository candidate interface com.example.demo.repository.PublisherRepository; If you want this repository to be a JDBC repository, consider annotating your entities with one of these annotations: org.springframework.data.relational.core.mapping.Table.
2025-05-27T13:29:28.626+08:00  INFO 12352 --- [springboot-jpa-book] [main] .s.d.r.c.RepositoryConfigurationDelegate : Finished Spring Data repository scanning in 25 ms. Found 0 JDBC repository interfaces.
2025-05-27T13:29:28.636+08:00  INFO 12352 --- [springboot-jpa-book] [main] .s.d.r.c.RepositoryConfigurationDelegate : Multiple Spring Data modules found, entering strict repository configuration mode
2025-05-27T13:29:28.637+08:00  INFO 12352 --- [springboot-jpa-book] [main] .s.d.r.c.RepositoryConfigurationDelegate : Bootstrapping Spring Data JPA repositories in DEFAULT mode.
2025-05-27T13:29:28.664+08:00  INFO 12352 --- [springboot-jpa-book] [main] .s.d.r.c.RepositoryConfigurationDelegate : Finished Spring Data repository scanning in 22 ms. Found 4 JPA repository interfaces.
2025-05-27T13:29:28.936+08:00  INFO 12352 --- [springboot-jpa-book] [main] o.hibernate.jpa.internal.util.LogHelper  : HHH000204: Processing PersistenceUnitInfo [name: default]
2025-05-27T13:29:28.978+08:00  INFO 12352 --- [springboot-jpa-book] [main] org.hibernate.Version                    : HHH000412: Hibernate ORM core version 6.6.15.Final
2025-05-27T13:29:29.007+08:00  INFO 12352 --- [springboot-jpa-book] [main] o.h.c.internal.RegionFactoryInitiator    : HHH000026: Second-level cache disabled
2025-05-27T13:29:29.218+08:00  INFO 12352 --- [springboot-jpa-book] [main] o.s.o.j.p.SpringPersistenceUnitInfo      : No LoadTimeWeaver setup: ignoring JPA class transformer
2025-05-27T13:29:29.241+08:00  INFO 12352 --- [springboot-jpa-book] [main] com.zaxxer.hikari.HikariDataSource       : HikariPool-1 - Starting...
2025-05-27T13:29:29.365+08:00  INFO 12352 --- [springboot-jpa-book] [main] com.zaxxer.hikari.pool.HikariPool        : HikariPool-1 - Added connection com.mysql.cj.jdbc.ConnectionImpl@238ad211
2025-05-27T13:29:29.367+08:00  INFO 12352 --- [springboot-jpa-book] [main] com.zaxxer.hikari.HikariDataSource       : HikariPool-1 - Start completed.
2025-05-27T13:29:29.428+08:00  INFO 12352 --- [springboot-jpa-book] [main] org.hibernate.orm.connections.pooling    : HHH10001005: Database info:
	Database JDBC URL [Connecting through datasource 'HikariDataSource (HikariPool-1)']
	Database driver: undefined/unknown
	Database version: 8.0.34
	Autocommit mode: undefined/unknown
	Isolation level: undefined/unknown
	Minimum pool size: undefined/unknown
	Maximum pool size: undefined/unknown
2025-05-27T13:29:30.108+08:00  INFO 12352 --- [springboot-jpa-book] [main] o.h.e.t.j.p.i.JtaPlatformInitiator       : HHH000489: No JTA platform available (set 'hibernate.transaction.jta.platform' to enable JTA platform integration)
2025-05-27T13:29:30.156+08:00  INFO 12352 --- [springboot-jpa-book] [main] j.LocalContainerEntityManagerFactoryBean : Initialized JPA EntityManagerFactory for persistence unit 'default'
2025-05-27T13:29:30.685+08:00  INFO 12352 --- [springboot-jpa-book] [main] o.s.d.j.r.query.QueryEnhancerFactory     : Hibernate is in classpath; If applicable, HQL parser will be used.
2025-05-27T13:29:31.068+08:00  INFO 12352 --- [springboot-jpa-book] [main] com.example.demo.Test_AddBook            : Started Test_AddBook in 3.173 seconds (process running for 4.096)
2025-05-27T13:30:53.143+08:00  INFO 12352 --- [springboot-jpa-book] [SpringApplicationShutdownHook] j.LocalContainerEntityManagerFactoryBean : Closing JPA EntityManagerFactory for persistence unit 'default'
2025-05-27T13:30:53.144+08:00  INFO 12352 --- [springboot-jpa-book] [SpringApplicationShutdownHook] com.zaxxer.hikari.HikariDataSource       : HikariPool-1 - Shutdown initiated...
2025-05-27T13:30:53.149+08:00  INFO 12352 --- [springboot-jpa-book] [SpringApplicationShutdownHook] com.zaxxer.hikari.HikariDataSource       : HikariPool-1 - Shutdown completed.
2025-05-27T13:32:18.507+08:00  INFO 4984 --- [springboot-jpa-book] [main] com.example.demo.Test_AddBook            : Starting Test_AddBook using Java 21.0.6 with PID 4984 (started by NTPU in E:\EclipseProject\springboot-jpa-book)
2025-05-27T13:32:18.508+08:00  INFO 4984 --- [springboot-jpa-book] [main] com.example.demo.Test_AddBook            : No active profile set, falling back to 1 default profile: "default"
2025-05-27T13:32:18.954+08:00  INFO 4984 --- [springboot-jpa-book] [main] .s.d.r.c.RepositoryConfigurationDelegate : Multiple Spring Data modules found, entering strict repository configuration mode
2025-05-27T13:32:18.955+08:00  INFO 4984 --- [springboot-jpa-book] [main] .s.d.r.c.RepositoryConfigurationDelegate : Bootstrapping Spring Data JDBC repositories in DEFAULT mode.
2025-05-27T13:32:18.978+08:00  INFO 4984 --- [springboot-jpa-book] [main] .RepositoryConfigurationExtensionSupport : Spring Data JDBC - Could not safely identify store assignment for repository candidate interface com.example.demo.repository.AuthorRepository; If you want this repository to be a JDBC repository, consider annotating your entities with one of these annotations: org.springframework.data.relational.core.mapping.Table.
2025-05-27T13:32:18.979+08:00  INFO 4984 --- [springboot-jpa-book] [main] .RepositoryConfigurationExtensionSupport : Spring Data JDBC - Could not safely identify store assignment for repository candidate interface com.example.demo.repository.BiographyRepository; If you want this repository to be a JDBC repository, consider annotating your entities with one of these annotations: org.springframework.data.relational.core.mapping.Table.
2025-05-27T13:32:18.980+08:00  INFO 4984 --- [springboot-jpa-book] [main] .RepositoryConfigurationExtensionSupport : Spring Data JDBC - Could not safely identify store assignment for repository candidate interface com.example.demo.repository.BookRepository; If you want this repository to be a JDBC repository, consider annotating your entities with one of these annotations: org.springframework.data.relational.core.mapping.Table.
2025-05-27T13:32:18.982+08:00  INFO 4984 --- [springboot-jpa-book] [main] .RepositoryConfigurationExtensionSupport : Spring Data JDBC - Could not safely identify store assignment for repository candidate interface com.example.demo.repository.PublisherRepository; If you want this repository to be a JDBC repository, consider annotating your entities with one of these annotations: org.springframework.data.relational.core.mapping.Table.
2025-05-27T13:32:18.982+08:00  INFO 4984 --- [springboot-jpa-book] [main] .s.d.r.c.RepositoryConfigurationDelegate : Finished Spring Data repository scanning in 22 ms. Found 0 JDBC repository interfaces.
2025-05-27T13:32:18.991+08:00  INFO 4984 --- [springboot-jpa-book] [main] .s.d.r.c.RepositoryConfigurationDelegate : Multiple Spring Data modules found, entering strict repository configuration mode
2025-05-27T13:32:18.992+08:00  INFO 4984 --- [springboot-jpa-book] [main] .s.d.r.c.RepositoryConfigurationDelegate : Bootstrapping Spring Data JPA repositories in DEFAULT mode.
2025-05-27T13:32:19.017+08:00  INFO 4984 --- [springboot-jpa-book] [main] .s.d.r.c.RepositoryConfigurationDelegate : Finished Spring Data repository scanning in 21 ms. Found 4 JPA repository interfaces.
2025-05-27T13:32:19.285+08:00  INFO 4984 --- [springboot-jpa-book] [main] o.hibernate.jpa.internal.util.LogHelper  : HHH000204: Processing PersistenceUnitInfo [name: default]
2025-05-27T13:32:19.324+08:00  INFO 4984 --- [springboot-jpa-book] [main] org.hibernate.Version                    : HHH000412: Hibernate ORM core version 6.6.15.Final
2025-05-27T13:32:19.359+08:00  INFO 4984 --- [springboot-jpa-book] [main] o.h.c.internal.RegionFactoryInitiator    : HHH000026: Second-level cache disabled
2025-05-27T13:32:19.569+08:00  INFO 4984 --- [springboot-jpa-book] [main] o.s.o.j.p.SpringPersistenceUnitInfo      : No LoadTimeWeaver setup: ignoring JPA class transformer
2025-05-27T13:32:19.593+08:00  INFO 4984 --- [springboot-jpa-book] [main] com.zaxxer.hikari.HikariDataSource       : HikariPool-1 - Starting...
2025-05-27T13:32:19.728+08:00  INFO 4984 --- [springboot-jpa-book] [main] com.zaxxer.hikari.pool.HikariPool        : HikariPool-1 - Added connection com.mysql.cj.jdbc.ConnectionImpl@59f7c106
2025-05-27T13:32:19.729+08:00  INFO 4984 --- [springboot-jpa-book] [main] com.zaxxer.hikari.HikariDataSource       : HikariPool-1 - Start completed.
2025-05-27T13:32:19.789+08:00  INFO 4984 --- [springboot-jpa-book] [main] org.hibernate.orm.connections.pooling    : HHH10001005: Database info:
	Database JDBC URL [Connecting through datasource 'HikariDataSource (HikariPool-1)']
	Database driver: undefined/unknown
	Database version: 8.0.34
	Autocommit mode: undefined/unknown
	Isolation level: undefined/unknown
	Minimum pool size: undefined/unknown
	Maximum pool size: undefined/unknown
2025-05-27T13:32:20.442+08:00  INFO 4984 --- [springboot-jpa-book] [main] o.h.e.t.j.p.i.JtaPlatformInitiator       : HHH000489: No JTA platform available (set 'hibernate.transaction.jta.platform' to enable JTA platform integration)
2025-05-27T13:32:20.490+08:00  INFO 4984 --- [springboot-jpa-book] [main] j.LocalContainerEntityManagerFactoryBean : Initialized JPA EntityManagerFactory for persistence unit 'default'
2025-05-27T13:32:21.016+08:00  INFO 4984 --- [springboot-jpa-book] [main] o.s.d.j.r.query.QueryEnhancerFactory     : Hibernate is in classpath; If applicable, HQL parser will be used.
2025-05-27T13:32:21.399+08:00  INFO 4984 --- [springboot-jpa-book] [main] com.example.demo.Test_AddBook            : Started Test_AddBook in 3.143 seconds (process running for 3.936)
2025-05-27T13:34:14.775+08:00  INFO 4984 --- [springboot-jpa-book] [SpringApplicationShutdownHook] j.LocalContainerEntityManagerFactoryBean : Closing JPA EntityManagerFactory for persistence unit 'default'
2025-05-27T13:34:14.776+08:00  INFO 4984 --- [springboot-jpa-book] [SpringApplicationShutdownHook] com.zaxxer.hikari.HikariDataSource       : HikariPool-1 - Shutdown initiated...
2025-05-27T13:34:14.780+08:00  INFO 4984 --- [springboot-jpa-book] [SpringApplicationShutdownHook] com.zaxxer.hikari.HikariDataSource       : HikariPool-1 - Shutdown completed.
2025-05-27T13:36:19.491+08:00  INFO 16020 --- [springboot-jpa-book] [main] com.example.demo.Test_AddBook            : Starting Test_AddBook using Java 21.0.6 with PID 16020 (started by NTPU in E:\EclipseProject\springboot-jpa-book)
2025-05-27T13:36:19.492+08:00  INFO 16020 --- [springboot-jpa-book] [main] com.example.demo.Test_AddBook            : No active profile set, falling back to 1 default profile: "default"
2025-05-27T13:36:19.940+08:00  INFO 16020 --- [springboot-jpa-book] [main] .s.d.r.c.RepositoryConfigurationDelegate : Multiple Spring Data modules found, entering strict repository configuration mode
2025-05-27T13:36:19.941+08:00  INFO 16020 --- [springboot-jpa-book] [main] .s.d.r.c.RepositoryConfigurationDelegate : Bootstrapping Spring Data JDBC repositories in DEFAULT mode.
2025-05-27T13:36:19.965+08:00  INFO 16020 --- [springboot-jpa-book] [main] .RepositoryConfigurationExtensionSupport : Spring Data JDBC - Could not safely identify store assignment for repository candidate interface com.example.demo.repository.AuthorRepository; If you want this repository to be a JDBC repository, consider annotating your entities with one of these annotations: org.springframework.data.relational.core.mapping.Table.
2025-05-27T13:36:19.967+08:00  INFO 16020 --- [springboot-jpa-book] [main] .RepositoryConfigurationExtensionSupport : Spring Data JDBC - Could not safely identify store assignment for repository candidate interface com.example.demo.repository.BiographyRepository; If you want this repository to be a JDBC repository, consider annotating your entities with one of these annotations: org.springframework.data.relational.core.mapping.Table.
2025-05-27T13:36:19.967+08:00  INFO 16020 --- [springboot-jpa-book] [main] .RepositoryConfigurationExtensionSupport : Spring Data JDBC - Could not safely identify store assignment for repository candidate interface com.example.demo.repository.BookRepository; If you want this repository to be a JDBC repository, consider annotating your entities with one of these annotations: org.springframework.data.relational.core.mapping.Table.
2025-05-27T13:36:19.969+08:00  INFO 16020 --- [springboot-jpa-book] [main] .RepositoryConfigurationExtensionSupport : Spring Data JDBC - Could not safely identify store assignment for repository candidate interface com.example.demo.repository.PublisherRepository; If you want this repository to be a JDBC repository, consider annotating your entities with one of these annotations: org.springframework.data.relational.core.mapping.Table.
2025-05-27T13:36:19.969+08:00  INFO 16020 --- [springboot-jpa-book] [main] .s.d.r.c.RepositoryConfigurationDelegate : Finished Spring Data repository scanning in 20 ms. Found 0 JDBC repository interfaces.
2025-05-27T13:36:19.979+08:00  INFO 16020 --- [springboot-jpa-book] [main] .s.d.r.c.RepositoryConfigurationDelegate : Multiple Spring Data modules found, entering strict repository configuration mode
2025-05-27T13:36:19.979+08:00  INFO 16020 --- [springboot-jpa-book] [main] .s.d.r.c.RepositoryConfigurationDelegate : Bootstrapping Spring Data JPA repositories in DEFAULT mode.
2025-05-27T13:36:20.004+08:00  INFO 16020 --- [springboot-jpa-book] [main] .s.d.r.c.RepositoryConfigurationDelegate : Finished Spring Data repository scanning in 20 ms. Found 4 JPA repository interfaces.
2025-05-27T13:36:20.265+08:00  INFO 16020 --- [springboot-jpa-book] [main] o.hibernate.jpa.internal.util.LogHelper  : HHH000204: Processing PersistenceUnitInfo [name: default]
2025-05-27T13:36:20.305+08:00  INFO 16020 --- [springboot-jpa-book] [main] org.hibernate.Version                    : HHH000412: Hibernate ORM core version 6.6.15.Final
2025-05-27T13:36:20.338+08:00  INFO 16020 --- [springboot-jpa-book] [main] o.h.c.internal.RegionFactoryInitiator    : HHH000026: Second-level cache disabled
2025-05-27T13:36:20.560+08:00  INFO 16020 --- [springboot-jpa-book] [main] o.s.o.j.p.SpringPersistenceUnitInfo      : No LoadTimeWeaver setup: ignoring JPA class transformer
2025-05-27T13:36:20.585+08:00  INFO 16020 --- [springboot-jpa-book] [main] com.zaxxer.hikari.HikariDataSource       : HikariPool-1 - Starting...
2025-05-27T13:36:20.715+08:00  INFO 16020 --- [springboot-jpa-book] [main] com.zaxxer.hikari.pool.HikariPool        : HikariPool-1 - Added connection com.mysql.cj.jdbc.ConnectionImpl@59f7c106
2025-05-27T13:36:20.716+08:00  INFO 16020 --- [springboot-jpa-book] [main] com.zaxxer.hikari.HikariDataSource       : HikariPool-1 - Start completed.
2025-05-27T13:36:20.782+08:00  INFO 16020 --- [springboot-jpa-book] [main] org.hibernate.orm.connections.pooling    : HHH10001005: Database info:
	Database JDBC URL [Connecting through datasource 'HikariDataSource (HikariPool-1)']
	Database driver: undefined/unknown
	Database version: 8.0.34
	Autocommit mode: undefined/unknown
	Isolation level: undefined/unknown
	Minimum pool size: undefined/unknown
	Maximum pool size: undefined/unknown
2025-05-27T13:36:21.432+08:00  INFO 16020 --- [springboot-jpa-book] [main] o.h.e.t.j.p.i.JtaPlatformInitiator       : HHH000489: No JTA platform available (set 'hibernate.transaction.jta.platform' to enable JTA platform integration)
2025-05-27T13:36:21.481+08:00  INFO 16020 --- [springboot-jpa-book] [main] j.LocalContainerEntityManagerFactoryBean : Initialized JPA EntityManagerFactory for persistence unit 'default'
2025-05-27T13:36:22.010+08:00  INFO 16020 --- [springboot-jpa-book] [main] o.s.d.j.r.query.QueryEnhancerFactory     : Hibernate is in classpath; If applicable, HQL parser will be used.
2025-05-27T13:36:22.388+08:00  INFO 16020 --- [springboot-jpa-book] [main] com.example.demo.Test_AddBook            : Started Test_AddBook in 3.148 seconds (process running for 3.931)
2025-05-27T13:40:39.068+08:00  INFO 16020 --- [springboot-jpa-book] [SpringApplicationShutdownHook] j.LocalContainerEntityManagerFactoryBean : Closing JPA EntityManagerFactory for persistence unit 'default'
2025-05-27T13:40:39.070+08:00  INFO 16020 --- [springboot-jpa-book] [SpringApplicationShutdownHook] com.zaxxer.hikari.HikariDataSource       : HikariPool-1 - Shutdown initiated...
2025-05-27T13:40:39.074+08:00  INFO 16020 --- [springboot-jpa-book] [SpringApplicationShutdownHook] com.zaxxer.hikari.HikariDataSource       : HikariPool-1 - Shutdown completed.
2025-05-27T13:40:56.659+08:00  INFO 16272 --- [springboot-jpa-book] [main] com.example.demo.Test_AddBook            : Starting Test_AddBook using Java 21.0.6 with PID 16272 (started by NTPU in E:\EclipseProject\springboot-jpa-book)
2025-05-27T13:40:56.660+08:00  INFO 16272 --- [springboot-jpa-book] [main] com.example.demo.Test_AddBook            : No active profile set, falling back to 1 default profile: "default"
2025-05-27T13:40:57.092+08:00  INFO 16272 --- [springboot-jpa-book] [main] .s.d.r.c.RepositoryConfigurationDelegate : Multiple Spring Data modules found, entering strict repository configuration mode
2025-05-27T13:40:57.093+08:00  INFO 16272 --- [springboot-jpa-book] [main] .s.d.r.c.RepositoryConfigurationDelegate : Bootstrapping Spring Data JDBC repositories in DEFAULT mode.
2025-05-27T13:40:57.120+08:00  INFO 16272 --- [springboot-jpa-book] [main] .RepositoryConfigurationExtensionSupport : Spring Data JDBC - Could not safely identify store assignment for repository candidate interface com.example.demo.repository.AuthorRepository; If you want this repository to be a JDBC repository, consider annotating your entities with one of these annotations: org.springframework.data.relational.core.mapping.Table.
2025-05-27T13:40:57.121+08:00  INFO 16272 --- [springboot-jpa-book] [main] .RepositoryConfigurationExtensionSupport : Spring Data JDBC - Could not safely identify store assignment for repository candidate interface com.example.demo.repository.BiographyRepository; If you want this repository to be a JDBC repository, consider annotating your entities with one of these annotations: org.springframework.data.relational.core.mapping.Table.
2025-05-27T13:40:57.122+08:00  INFO 16272 --- [springboot-jpa-book] [main] .RepositoryConfigurationExtensionSupport : Spring Data JDBC - Could not safely identify store assignment for repository candidate interface com.example.demo.repository.BookRepository; If you want this repository to be a JDBC repository, consider annotating your entities with one of these annotations: org.springframework.data.relational.core.mapping.Table.
2025-05-27T13:40:57.123+08:00  INFO 16272 --- [springboot-jpa-book] [main] .RepositoryConfigurationExtensionSupport : Spring Data JDBC - Could not safely identify store assignment for repository candidate interface com.example.demo.repository.PublisherRepository; If you want this repository to be a JDBC repository, consider annotating your entities with one of these annotations: org.springframework.data.relational.core.mapping.Table.
2025-05-27T13:40:57.124+08:00  INFO 16272 --- [springboot-jpa-book] [main] .s.d.r.c.RepositoryConfigurationDelegate : Finished Spring Data repository scanning in 22 ms. Found 0 JDBC repository interfaces.
2025-05-27T13:40:57.132+08:00  INFO 16272 --- [springboot-jpa-book] [main] .s.d.r.c.RepositoryConfigurationDelegate : Multiple Spring Data modules found, entering strict repository configuration mode
2025-05-27T13:40:57.133+08:00  INFO 16272 --- [springboot-jpa-book] [main] .s.d.r.c.RepositoryConfigurationDelegate : Bootstrapping Spring Data JPA repositories in DEFAULT mode.
2025-05-27T13:40:57.158+08:00  INFO 16272 --- [springboot-jpa-book] [main] .s.d.r.c.RepositoryConfigurationDelegate : Finished Spring Data repository scanning in 21 ms. Found 4 JPA repository interfaces.
2025-05-27T13:40:57.425+08:00  INFO 16272 --- [springboot-jpa-book] [main] o.hibernate.jpa.internal.util.LogHelper  : HHH000204: Processing PersistenceUnitInfo [name: default]
2025-05-27T13:40:57.465+08:00  INFO 16272 --- [springboot-jpa-book] [main] org.hibernate.Version                    : HHH000412: Hibernate ORM core version 6.6.15.Final
2025-05-27T13:40:57.496+08:00  INFO 16272 --- [springboot-jpa-book] [main] o.h.c.internal.RegionFactoryInitiator    : HHH000026: Second-level cache disabled
2025-05-27T13:40:57.710+08:00  INFO 16272 --- [springboot-jpa-book] [main] o.s.o.j.p.SpringPersistenceUnitInfo      : No LoadTimeWeaver setup: ignoring JPA class transformer
2025-05-27T13:40:57.737+08:00  INFO 16272 --- [springboot-jpa-book] [main] com.zaxxer.hikari.HikariDataSource       : HikariPool-1 - Starting...
2025-05-27T13:40:57.871+08:00  INFO 16272 --- [springboot-jpa-book] [main] com.zaxxer.hikari.pool.HikariPool        : HikariPool-1 - Added connection com.mysql.cj.jdbc.ConnectionImpl@1bdafb01
2025-05-27T13:40:57.873+08:00  INFO 16272 --- [springboot-jpa-book] [main] com.zaxxer.hikari.HikariDataSource       : HikariPool-1 - Start completed.
2025-05-27T13:40:57.936+08:00  INFO 16272 --- [springboot-jpa-book] [main] org.hibernate.orm.connections.pooling    : HHH10001005: Database info:
	Database JDBC URL [Connecting through datasource 'HikariDataSource (HikariPool-1)']
	Database driver: undefined/unknown
	Database version: 8.0.34
	Autocommit mode: undefined/unknown
	Isolation level: undefined/unknown
	Minimum pool size: undefined/unknown
	Maximum pool size: undefined/unknown
2025-05-27T13:40:58.577+08:00  INFO 16272 --- [springboot-jpa-book] [main] o.h.e.t.j.p.i.JtaPlatformInitiator       : HHH000489: No JTA platform available (set 'hibernate.transaction.jta.platform' to enable JTA platform integration)
2025-05-27T13:40:58.623+08:00  INFO 16272 --- [springboot-jpa-book] [main] j.LocalContainerEntityManagerFactoryBean : Initialized JPA EntityManagerFactory for persistence unit 'default'
2025-05-27T13:40:59.168+08:00  INFO 16272 --- [springboot-jpa-book] [main] o.s.d.j.r.query.QueryEnhancerFactory     : Hibernate is in classpath; If applicable, HQL parser will be used.
2025-05-27T13:40:59.563+08:00  INFO 16272 --- [springboot-jpa-book] [main] com.example.demo.Test_AddBook            : Started Test_AddBook in 3.155 seconds (process running for 3.943)
2025-05-27T14:22:55.137+08:00  INFO 16880 --- [springboot-jpa-book] [main] com.example.demo.Test_AddBook            : Starting Test_AddBook using Java 21.0.6 with PID 16880 (started by NTPU in E:\EclipseProject\springboot-jpa-book)
2025-05-27T14:22:55.139+08:00  INFO 16880 --- [springboot-jpa-book] [main] com.example.demo.Test_AddBook            : No active profile set, falling back to 1 default profile: "default"
2025-05-27T14:22:55.610+08:00  INFO 16880 --- [springboot-jpa-book] [main] .s.d.r.c.RepositoryConfigurationDelegate : Multiple Spring Data modules found, entering strict repository configuration mode
2025-05-27T14:22:55.611+08:00  INFO 16880 --- [springboot-jpa-book] [main] .s.d.r.c.RepositoryConfigurationDelegate : Bootstrapping Spring Data JDBC repositories in DEFAULT mode.
2025-05-27T14:22:55.634+08:00  INFO 16880 --- [springboot-jpa-book] [main] .RepositoryConfigurationExtensionSupport : Spring Data JDBC - Could not safely identify store assignment for repository candidate interface com.example.demo.repository.AuthorRepository; If you want this repository to be a JDBC repository, consider annotating your entities with one of these annotations: org.springframework.data.relational.core.mapping.Table.
2025-05-27T14:22:55.636+08:00  INFO 16880 --- [springboot-jpa-book] [main] .RepositoryConfigurationExtensionSupport : Spring Data JDBC - Could not safely identify store assignment for repository candidate interface com.example.demo.repository.BiographyRepository; If you want this repository to be a JDBC repository, consider annotating your entities with one of these annotations: org.springframework.data.relational.core.mapping.Table.
2025-05-27T14:22:55.637+08:00  INFO 16880 --- [springboot-jpa-book] [main] .RepositoryConfigurationExtensionSupport : Spring Data JDBC - Could not safely identify store assignment for repository candidate interface com.example.demo.repository.BookRepository; If you want this repository to be a JDBC repository, consider annotating your entities with one of these annotations: org.springframework.data.relational.core.mapping.Table.
2025-05-27T14:22:55.638+08:00  INFO 16880 --- [springboot-jpa-book] [main] .RepositoryConfigurationExtensionSupport : Spring Data JDBC - Could not safely identify store assignment for repository candidate interface com.example.demo.repository.PublisherRepository; If you want this repository to be a JDBC repository, consider annotating your entities with one of these annotations: org.springframework.data.relational.core.mapping.Table.
2025-05-27T14:22:55.639+08:00  INFO 16880 --- [springboot-jpa-book] [main] .s.d.r.c.RepositoryConfigurationDelegate : Finished Spring Data repository scanning in 22 ms. Found 0 JDBC repository interfaces.
2025-05-27T14:22:55.648+08:00  INFO 16880 --- [springboot-jpa-book] [main] .s.d.r.c.RepositoryConfigurationDelegate : Multiple Spring Data modules found, entering strict repository configuration mode
2025-05-27T14:22:55.649+08:00  INFO 16880 --- [springboot-jpa-book] [main] .s.d.r.c.RepositoryConfigurationDelegate : Bootstrapping Spring Data JPA repositories in DEFAULT mode.
2025-05-27T14:22:55.675+08:00  INFO 16880 --- [springboot-jpa-book] [main] .s.d.r.c.RepositoryConfigurationDelegate : Finished Spring Data repository scanning in 21 ms. Found 4 JPA repository interfaces.
2025-05-27T14:22:55.955+08:00  INFO 16880 --- [springboot-jpa-book] [main] o.hibernate.jpa.internal.util.LogHelper  : HHH000204: Processing PersistenceUnitInfo [name: default]
2025-05-27T14:22:56.017+08:00  INFO 16880 --- [springboot-jpa-book] [main] org.hibernate.Version                    : HHH000412: Hibernate ORM core version 6.6.15.Final
2025-05-27T14:22:56.059+08:00  INFO 16880 --- [springboot-jpa-book] [main] o.h.c.internal.RegionFactoryInitiator    : HHH000026: Second-level cache disabled
2025-05-27T14:22:56.331+08:00  INFO 16880 --- [springboot-jpa-book] [main] o.s.o.j.p.SpringPersistenceUnitInfo      : No LoadTimeWeaver setup: ignoring JPA class transformer
2025-05-27T14:22:56.361+08:00  INFO 16880 --- [springboot-jpa-book] [main] com.zaxxer.hikari.HikariDataSource       : HikariPool-1 - Starting...
2025-05-27T14:22:56.497+08:00  INFO 16880 --- [springboot-jpa-book] [main] com.zaxxer.hikari.pool.HikariPool        : HikariPool-1 - Added connection com.mysql.cj.jdbc.ConnectionImpl@59f7c106
2025-05-27T14:22:56.499+08:00  INFO 16880 --- [springboot-jpa-book] [main] com.zaxxer.hikari.HikariDataSource       : HikariPool-1 - Start completed.
2025-05-27T14:22:56.577+08:00  INFO 16880 --- [springboot-jpa-book] [main] org.hibernate.orm.connections.pooling    : HHH10001005: Database info:
	Database JDBC URL [Connecting through datasource 'HikariDataSource (HikariPool-1)']
	Database driver: undefined/unknown
	Database version: 8.0.34
	Autocommit mode: undefined/unknown
	Isolation level: undefined/unknown
	Minimum pool size: undefined/unknown
	Maximum pool size: undefined/unknown
2025-05-27T14:22:57.328+08:00  INFO 16880 --- [springboot-jpa-book] [main] o.h.e.t.j.p.i.JtaPlatformInitiator       : HHH000489: No JTA platform available (set 'hibernate.transaction.jta.platform' to enable JTA platform integration)
2025-05-27T14:22:57.380+08:00  INFO 16880 --- [springboot-jpa-book] [main] j.LocalContainerEntityManagerFactoryBean : Initialized JPA EntityManagerFactory for persistence unit 'default'
2025-05-27T14:22:57.907+08:00  INFO 16880 --- [springboot-jpa-book] [main] o.s.d.j.r.query.QueryEnhancerFactory     : Hibernate is in classpath; If applicable, HQL parser will be used.
2025-05-27T14:22:58.294+08:00  INFO 16880 --- [springboot-jpa-book] [main] com.example.demo.Test_AddBook            : Started Test_AddBook in 3.419 seconds (process running for 4.271)
2025-05-27T14:24:23.084+08:00  INFO 16272 --- [springboot-jpa-book] [SpringApplicationShutdownHook] j.LocalContainerEntityManagerFactoryBean : Closing JPA EntityManagerFactory for persistence unit 'default'
2025-05-27T14:24:23.086+08:00  INFO 16272 --- [springboot-jpa-book] [SpringApplicationShutdownHook] com.zaxxer.hikari.HikariDataSource       : HikariPool-1 - Shutdown initiated...
2025-05-27T14:24:23.087+08:00  INFO 16272 --- [springboot-jpa-book] [SpringApplicationShutdownHook] com.zaxxer.hikari.HikariDataSource       : HikariPool-1 - Shutdown completed.
2025-05-27T14:24:34.497+08:00  INFO 9844 --- [springboot-jpa-book] [main] com.example.demo.Test_AddBook            : Starting Test_AddBook using Java 21.0.6 with PID 9844 (started by NTPU in E:\EclipseProject\springboot-jpa-book)
2025-05-27T14:24:34.498+08:00  INFO 9844 --- [springboot-jpa-book] [main] com.example.demo.Test_AddBook            : No active profile set, falling back to 1 default profile: "default"
2025-05-27T14:24:34.966+08:00  INFO 9844 --- [springboot-jpa-book] [main] .s.d.r.c.RepositoryConfigurationDelegate : Multiple Spring Data modules found, entering strict repository configuration mode
2025-05-27T14:24:34.967+08:00  INFO 9844 --- [springboot-jpa-book] [main] .s.d.r.c.RepositoryConfigurationDelegate : Bootstrapping Spring Data JDBC repositories in DEFAULT mode.
2025-05-27T14:24:34.994+08:00  INFO 9844 --- [springboot-jpa-book] [main] .RepositoryConfigurationExtensionSupport : Spring Data JDBC - Could not safely identify store assignment for repository candidate interface com.example.demo.repository.AuthorRepository; If you want this repository to be a JDBC repository, consider annotating your entities with one of these annotations: org.springframework.data.relational.core.mapping.Table.
2025-05-27T14:24:34.996+08:00  INFO 9844 --- [springboot-jpa-book] [main] .RepositoryConfigurationExtensionSupport : Spring Data JDBC - Could not safely identify store assignment for repository candidate interface com.example.demo.repository.BiographyRepository; If you want this repository to be a JDBC repository, consider annotating your entities with one of these annotations: org.springframework.data.relational.core.mapping.Table.
2025-05-27T14:24:34.998+08:00  INFO 9844 --- [springboot-jpa-book] [main] .RepositoryConfigurationExtensionSupport : Spring Data JDBC - Could not safely identify store assignment for repository candidate interface com.example.demo.repository.BookRepository; If you want this repository to be a JDBC repository, consider annotating your entities with one of these annotations: org.springframework.data.relational.core.mapping.Table.
2025-05-27T14:24:35.000+08:00  INFO 9844 --- [springboot-jpa-book] [main] .RepositoryConfigurationExtensionSupport : Spring Data JDBC - Could not safely identify store assignment for repository candidate interface com.example.demo.repository.PublisherRepository; If you want this repository to be a JDBC repository, consider annotating your entities with one of these annotations: org.springframework.data.relational.core.mapping.Table.
2025-05-27T14:24:35.001+08:00  INFO 9844 --- [springboot-jpa-book] [main] .s.d.r.c.RepositoryConfigurationDelegate : Finished Spring Data repository scanning in 28 ms. Found 0 JDBC repository interfaces.
2025-05-27T14:24:35.010+08:00  INFO 9844 --- [springboot-jpa-book] [main] .s.d.r.c.RepositoryConfigurationDelegate : Multiple Spring Data modules found, entering strict repository configuration mode
2025-05-27T14:24:35.011+08:00  INFO 9844 --- [springboot-jpa-book] [main] .s.d.r.c.RepositoryConfigurationDelegate : Bootstrapping Spring Data JPA repositories in DEFAULT mode.
2025-05-27T14:24:35.037+08:00  INFO 9844 --- [springboot-jpa-book] [main] .s.d.r.c.RepositoryConfigurationDelegate : Finished Spring Data repository scanning in 22 ms. Found 4 JPA repository interfaces.
2025-05-27T14:24:35.323+08:00  INFO 9844 --- [springboot-jpa-book] [main] o.hibernate.jpa.internal.util.LogHelper  : HHH000204: Processing PersistenceUnitInfo [name: default]
2025-05-27T14:24:35.365+08:00  INFO 9844 --- [springboot-jpa-book] [main] org.hibernate.Version                    : HHH000412: Hibernate ORM core version 6.6.15.Final
2025-05-27T14:24:35.398+08:00  INFO 9844 --- [springboot-jpa-book] [main] o.h.c.internal.RegionFactoryInitiator    : HHH000026: Second-level cache disabled
2025-05-27T14:24:35.618+08:00  INFO 9844 --- [springboot-jpa-book] [main] o.s.o.j.p.SpringPersistenceUnitInfo      : No LoadTimeWeaver setup: ignoring JPA class transformer
2025-05-27T14:24:35.645+08:00  INFO 9844 --- [springboot-jpa-book] [main] com.zaxxer.hikari.HikariDataSource       : HikariPool-1 - Starting...
2025-05-27T14:24:35.801+08:00  INFO 9844 --- [springboot-jpa-book] [main] com.zaxxer.hikari.pool.HikariPool        : HikariPool-1 - Added connection com.mysql.cj.jdbc.ConnectionImpl@59f7c106
2025-05-27T14:24:35.802+08:00  INFO 9844 --- [springboot-jpa-book] [main] com.zaxxer.hikari.HikariDataSource       : HikariPool-1 - Start completed.
2025-05-27T14:24:35.864+08:00  INFO 9844 --- [springboot-jpa-book] [main] org.hibernate.orm.connections.pooling    : HHH10001005: Database info:
	Database JDBC URL [Connecting through datasource 'HikariDataSource (HikariPool-1)']
	Database driver: undefined/unknown
	Database version: 8.0.34
	Autocommit mode: undefined/unknown
	Isolation level: undefined/unknown
	Minimum pool size: undefined/unknown
	Maximum pool size: undefined/unknown
2025-05-27T14:24:36.571+08:00  INFO 9844 --- [springboot-jpa-book] [main] o.h.e.t.j.p.i.JtaPlatformInitiator       : HHH000489: No JTA platform available (set 'hibernate.transaction.jta.platform' to enable JTA platform integration)
2025-05-27T14:24:36.619+08:00  INFO 9844 --- [springboot-jpa-book] [main] j.LocalContainerEntityManagerFactoryBean : Initialized JPA EntityManagerFactory for persistence unit 'default'
2025-05-27T14:24:37.172+08:00  INFO 9844 --- [springboot-jpa-book] [main] o.s.d.j.r.query.QueryEnhancerFactory     : Hibernate is in classpath; If applicable, HQL parser will be used.
2025-05-27T14:24:37.575+08:00  INFO 9844 --- [springboot-jpa-book] [main] com.example.demo.Test_AddBook            : Started Test_AddBook in 3.338 seconds (process running for 4.155)
2025-05-27T16:23:46.582+08:00  INFO 9844 --- [springboot-jpa-book] [SpringApplicationShutdownHook] j.LocalContainerEntityManagerFactoryBean : Closing JPA EntityManagerFactory for persistence unit 'default'
2025-05-27T16:23:46.583+08:00  INFO 9844 --- [springboot-jpa-book] [SpringApplicationShutdownHook] com.zaxxer.hikari.HikariDataSource       : HikariPool-1 - Shutdown initiated...
2025-05-27T16:23:46.585+08:00  INFO 9844 --- [springboot-jpa-book] [SpringApplicationShutdownHook] com.zaxxer.hikari.HikariDataSource       : HikariPool-1 - Shutdown completed.
