2025-05-16T16:12:08.984+08:00  INFO 8088 --- [springboot-jpa] [main] c.example.demo.SpringbootJpaApplication  : Starting SpringbootJpaApplication using Java 21.0.6 with PID 8088 (E:\EclipseProject\springboot-jpa\target\classes started by NTPU in E:\EclipseProject\springboot-jpa)
2025-05-16T16:12:08.985+08:00  INFO 8088 --- [springboot-jpa] [main] c.example.demo.SpringbootJpaApplication  : No active profile set, falling back to 1 default profile: "default"
2025-05-16T16:12:09.300+08:00  INFO 8088 --- [springboot-jpa] [main] .s.d.r.c.RepositoryConfigurationDelegate : Multiple Spring Data modules found, entering strict repository configuration mode
2025-05-16T16:12:09.300+08:00  INFO 8088 --- [springboot-jpa] [main] .s.d.r.c.RepositoryConfigurationDelegate : Bootstrapping Spring Data JDBC repositories in DEFAULT mode.
2025-05-16T16:12:09.315+08:00  INFO 8088 --- [springboot-jpa] [main] .s.d.r.c.RepositoryConfigurationDelegate : Finished Spring Data repository scanning in 11 ms. Found 0 JDBC repository interfaces.
2025-05-16T16:12:09.323+08:00  INFO 8088 --- [springboot-jpa] [main] .s.d.r.c.RepositoryConfigurationDelegate : Multiple Spring Data modules found, entering strict repository configuration mode
2025-05-16T16:12:09.324+08:00  INFO 8088 --- [springboot-jpa] [main] .s.d.r.c.RepositoryConfigurationDelegate : Bootstrapping Spring Data JPA repositories in DEFAULT mode.
2025-05-16T16:12:09.327+08:00  INFO 8088 --- [springboot-jpa] [main] .s.d.r.c.RepositoryConfigurationDelegate : Finished Spring Data repository scanning in 0 ms. Found 0 JPA repository interfaces.
2025-05-16T16:12:09.546+08:00  INFO 8088 --- [springboot-jpa] [main] o.s.b.w.embedded.tomcat.TomcatWebServer  : Tomcat initialized with port 8081 (http)
2025-05-16T16:12:09.554+08:00  INFO 8088 --- [springboot-jpa] [main] o.apache.catalina.core.StandardService   : Starting service [Tomcat]
2025-05-16T16:12:09.554+08:00  INFO 8088 --- [springboot-jpa] [main] o.apache.catalina.core.StandardEngine    : Starting Servlet engine: [Apache Tomcat/10.1.40]
2025-05-16T16:12:09.659+08:00  INFO 8088 --- [springboot-jpa] [main] org.apache.jasper.servlet.TldScanner     : At least one JAR was scanned for TLDs yet contained no TLDs. Enable debug logging for this logger for a complete list of JARs that were scanned but no TLDs were found in them. Skipping unneeded JARs during scanning can improve startup time and JSP compilation time.
2025-05-16T16:12:09.663+08:00  INFO 8088 --- [springboot-jpa] [main] o.a.c.c.C.[Tomcat].[localhost].[/]       : Initializing Spring embedded WebApplicationContext
2025-05-16T16:12:09.663+08:00  INFO 8088 --- [springboot-jpa] [main] w.s.c.ServletWebServerApplicationContext : Root WebApplicationContext: initialization completed in 657 ms
2025-05-16T16:12:09.729+08:00  INFO 8088 --- [springboot-jpa] [main] com.zaxxer.hikari.HikariDataSource       : HikariPool-1 - Starting...
2025-05-16T16:12:09.819+08:00  INFO 8088 --- [springboot-jpa] [main] com.zaxxer.hikari.pool.HikariPool        : HikariPool-1 - Added connection com.mysql.cj.jdbc.ConnectionImpl@24876a7e
2025-05-16T16:12:09.820+08:00  INFO 8088 --- [springboot-jpa] [main] com.zaxxer.hikari.HikariDataSource       : HikariPool-1 - Start completed.
2025-05-16T16:12:09.850+08:00  INFO 8088 --- [springboot-jpa] [main] o.hibernate.jpa.internal.util.LogHelper  : HHH000204: Processing PersistenceUnitInfo [name: default]
2025-05-16T16:12:09.878+08:00  INFO 8088 --- [springboot-jpa] [main] org.hibernate.Version                    : HHH000412: Hibernate ORM core version 6.6.13.Final
2025-05-16T16:12:09.896+08:00  INFO 8088 --- [springboot-jpa] [main] o.h.c.internal.RegionFactoryInitiator    : HHH000026: Second-level cache disabled
2025-05-16T16:12:10.059+08:00  INFO 8088 --- [springboot-jpa] [main] o.s.o.j.p.SpringPersistenceUnitInfo      : No LoadTimeWeaver setup: ignoring JPA class transformer
2025-05-16T16:12:10.116+08:00  INFO 8088 --- [springboot-jpa] [main] org.hibernate.orm.connections.pooling    : HHH10001005: Database info:
	Database JDBC URL [Connecting through datasource 'HikariDataSource (HikariPool-1)']
	Database driver: undefined/unknown
	Database version: 8.0.34
	Autocommit mode: undefined/unknown
	Isolation level: undefined/unknown
	Minimum pool size: undefined/unknown
	Maximum pool size: undefined/unknown
2025-05-16T16:12:10.283+08:00  INFO 8088 --- [springboot-jpa] [main] o.h.e.t.j.p.i.JtaPlatformInitiator       : HHH000489: No JTA platform available (set 'hibernate.transaction.jta.platform' to enable JTA platform integration)
2025-05-16T16:12:10.286+08:00  INFO 8088 --- [springboot-jpa] [main] j.LocalContainerEntityManagerFactoryBean : Initialized JPA EntityManagerFactory for persistence unit 'default'
2025-05-16T16:12:10.314+08:00  WARN 8088 --- [springboot-jpa] [main] JpaBaseConfiguration$JpaWebConfiguration : spring.jpa.open-in-view is enabled by default. Therefore, database queries may be performed during view rendering. Explicitly configure spring.jpa.open-in-view to disable this warning
2025-05-16T16:12:10.577+08:00  INFO 8088 --- [springboot-jpa] [main] o.s.b.w.embedded.tomcat.TomcatWebServer  : Tomcat started on port 8081 (http) with context path '/'
2025-05-16T16:12:10.582+08:00  INFO 8088 --- [springboot-jpa] [main] c.example.demo.SpringbootJpaApplication  : Started SpringbootJpaApplication in 1.808 seconds (process running for 2.131)
2025-05-16T16:14:02.018+08:00  INFO 8088 --- [springboot-jpa] [RMI TCP Connection(11)-127.0.0.1] inMXBeanRegistrar$SpringApplicationAdmin : Application shutdown requested.
2025-05-16T16:14:02.020+08:00  INFO 8088 --- [springboot-jpa] [RMI TCP Connection(11)-127.0.0.1] o.s.b.w.e.tomcat.GracefulShutdown        : Commencing graceful shutdown. Waiting for active requests to complete
2025-05-16T16:14:02.022+08:00  INFO 8088 --- [springboot-jpa] [tomcat-shutdown] o.s.b.w.e.tomcat.GracefulShutdown        : Graceful shutdown complete
2025-05-16T16:14:02.024+08:00  INFO 8088 --- [springboot-jpa] [RMI TCP Connection(11)-127.0.0.1] j.LocalContainerEntityManagerFactoryBean : Closing JPA EntityManagerFactory for persistence unit 'default'
2025-05-16T16:14:02.025+08:00  INFO 8088 --- [springboot-jpa] [RMI TCP Connection(11)-127.0.0.1] com.zaxxer.hikari.HikariDataSource       : HikariPool-1 - Shutdown initiated...
2025-05-16T16:14:02.029+08:00  INFO 8088 --- [springboot-jpa] [RMI TCP Connection(11)-127.0.0.1] com.zaxxer.hikari.HikariDataSource       : HikariPool-1 - Shutdown completed.
2025-05-16T16:14:04.683+08:00  INFO 3380 --- [springboot-jpa] [main] c.example.demo.SpringbootJpaApplication  : Starting SpringbootJpaApplication using Java 21.0.6 with PID 3380 (E:\EclipseProject\springboot-jpa\target\classes started by NTPU in E:\EclipseProject\springboot-jpa)
2025-05-16T16:14:04.684+08:00  INFO 3380 --- [springboot-jpa] [main] c.example.demo.SpringbootJpaApplication  : No active profile set, falling back to 1 default profile: "default"
2025-05-16T16:14:04.986+08:00  INFO 3380 --- [springboot-jpa] [main] .s.d.r.c.RepositoryConfigurationDelegate : Multiple Spring Data modules found, entering strict repository configuration mode
2025-05-16T16:14:04.987+08:00  INFO 3380 --- [springboot-jpa] [main] .s.d.r.c.RepositoryConfigurationDelegate : Bootstrapping Spring Data JDBC repositories in DEFAULT mode.
2025-05-16T16:14:05.001+08:00  INFO 3380 --- [springboot-jpa] [main] .s.d.r.c.RepositoryConfigurationDelegate : Finished Spring Data repository scanning in 10 ms. Found 0 JDBC repository interfaces.
2025-05-16T16:14:05.007+08:00  INFO 3380 --- [springboot-jpa] [main] .s.d.r.c.RepositoryConfigurationDelegate : Multiple Spring Data modules found, entering strict repository configuration mode
2025-05-16T16:14:05.008+08:00  INFO 3380 --- [springboot-jpa] [main] .s.d.r.c.RepositoryConfigurationDelegate : Bootstrapping Spring Data JPA repositories in DEFAULT mode.
2025-05-16T16:14:05.011+08:00  INFO 3380 --- [springboot-jpa] [main] .s.d.r.c.RepositoryConfigurationDelegate : Finished Spring Data repository scanning in 0 ms. Found 0 JPA repository interfaces.
2025-05-16T16:14:05.226+08:00  INFO 3380 --- [springboot-jpa] [main] o.s.b.w.embedded.tomcat.TomcatWebServer  : Tomcat initialized with port 8081 (http)
2025-05-16T16:14:05.234+08:00  INFO 3380 --- [springboot-jpa] [main] o.apache.catalina.core.StandardService   : Starting service [Tomcat]
2025-05-16T16:14:05.234+08:00  INFO 3380 --- [springboot-jpa] [main] o.apache.catalina.core.StandardEngine    : Starting Servlet engine: [Apache Tomcat/10.1.40]
2025-05-16T16:14:05.339+08:00  INFO 3380 --- [springboot-jpa] [main] org.apache.jasper.servlet.TldScanner     : At least one JAR was scanned for TLDs yet contained no TLDs. Enable debug logging for this logger for a complete list of JARs that were scanned but no TLDs were found in them. Skipping unneeded JARs during scanning can improve startup time and JSP compilation time.
2025-05-16T16:14:05.343+08:00  INFO 3380 --- [springboot-jpa] [main] o.a.c.c.C.[Tomcat].[localhost].[/]       : Initializing Spring embedded WebApplicationContext
2025-05-16T16:14:05.343+08:00  INFO 3380 --- [springboot-jpa] [main] w.s.c.ServletWebServerApplicationContext : Root WebApplicationContext: initialization completed in 638 ms
2025-05-16T16:14:05.419+08:00  INFO 3380 --- [springboot-jpa] [main] o.hibernate.jpa.internal.util.LogHelper  : HHH000204: Processing PersistenceUnitInfo [name: default]
2025-05-16T16:14:05.444+08:00  INFO 3380 --- [springboot-jpa] [main] org.hibernate.Version                    : HHH000412: Hibernate ORM core version 6.6.13.Final
2025-05-16T16:14:05.461+08:00  INFO 3380 --- [springboot-jpa] [main] o.h.c.internal.RegionFactoryInitiator    : HHH000026: Second-level cache disabled
2025-05-16T16:14:05.602+08:00  INFO 3380 --- [springboot-jpa] [main] o.s.o.j.p.SpringPersistenceUnitInfo      : No LoadTimeWeaver setup: ignoring JPA class transformer
2025-05-16T16:14:05.618+08:00  INFO 3380 --- [springboot-jpa] [main] com.zaxxer.hikari.HikariDataSource       : HikariPool-1 - Starting...
2025-05-16T16:14:05.705+08:00  INFO 3380 --- [springboot-jpa] [main] com.zaxxer.hikari.pool.HikariPool        : HikariPool-1 - Added connection com.mysql.cj.jdbc.ConnectionImpl@4d4b019e
2025-05-16T16:14:05.706+08:00  INFO 3380 --- [springboot-jpa] [main] com.zaxxer.hikari.HikariDataSource       : HikariPool-1 - Start completed.
2025-05-16T16:14:05.752+08:00  INFO 3380 --- [springboot-jpa] [main] org.hibernate.orm.connections.pooling    : HHH10001005: Database info:
	Database JDBC URL [Connecting through datasource 'HikariDataSource (HikariPool-1)']
	Database driver: undefined/unknown
	Database version: 8.0.34
	Autocommit mode: undefined/unknown
	Isolation level: undefined/unknown
	Minimum pool size: undefined/unknown
	Maximum pool size: undefined/unknown
2025-05-16T16:14:05.934+08:00  INFO 3380 --- [springboot-jpa] [main] o.h.e.t.j.p.i.JtaPlatformInitiator       : HHH000489: No JTA platform available (set 'hibernate.transaction.jta.platform' to enable JTA platform integration)
2025-05-16T16:14:05.937+08:00  INFO 3380 --- [springboot-jpa] [main] j.LocalContainerEntityManagerFactoryBean : Initialized JPA EntityManagerFactory for persistence unit 'default'
2025-05-16T16:14:06.257+08:00  INFO 3380 --- [springboot-jpa] [main] o.s.b.w.embedded.tomcat.TomcatWebServer  : Tomcat started on port 8081 (http) with context path '/'
2025-05-16T16:14:06.262+08:00  INFO 3380 --- [springboot-jpa] [main] c.example.demo.SpringbootJpaApplication  : Started SpringbootJpaApplication in 1.792 seconds (process running for 2.115)
2025-05-16T16:23:52.570+08:00  INFO 3380 --- [springboot-jpa] [RMI TCP Connection(19)-127.0.0.1] inMXBeanRegistrar$SpringApplicationAdmin : Application shutdown requested.
2025-05-16T16:23:52.571+08:00  INFO 3380 --- [springboot-jpa] [RMI TCP Connection(19)-127.0.0.1] o.s.b.w.e.tomcat.GracefulShutdown        : Commencing graceful shutdown. Waiting for active requests to complete
2025-05-16T16:23:52.573+08:00  INFO 3380 --- [springboot-jpa] [tomcat-shutdown] o.s.b.w.e.tomcat.GracefulShutdown        : Graceful shutdown complete
2025-05-16T16:23:52.576+08:00  INFO 3380 --- [springboot-jpa] [RMI TCP Connection(19)-127.0.0.1] j.LocalContainerEntityManagerFactoryBean : Closing JPA EntityManagerFactory for persistence unit 'default'
2025-05-16T16:23:52.577+08:00  INFO 3380 --- [springboot-jpa] [RMI TCP Connection(19)-127.0.0.1] com.zaxxer.hikari.HikariDataSource       : HikariPool-1 - Shutdown initiated...
2025-05-16T16:23:52.580+08:00  INFO 3380 --- [springboot-jpa] [RMI TCP Connection(19)-127.0.0.1] com.zaxxer.hikari.HikariDataSource       : HikariPool-1 - Shutdown completed.
2025-05-16T16:23:55.782+08:00  INFO 9712 --- [springboot-jpa] [main] c.example.demo.SpringbootJpaApplication  : Starting SpringbootJpaApplication using Java 21.0.6 with PID 9712 (E:\EclipseProject\springboot-jpa\target\classes started by NTPU in E:\EclipseProject\springboot-jpa)
2025-05-16T16:23:55.783+08:00  INFO 9712 --- [springboot-jpa] [main] c.example.demo.SpringbootJpaApplication  : No active profile set, falling back to 1 default profile: "default"
2025-05-16T16:23:56.087+08:00  INFO 9712 --- [springboot-jpa] [main] .s.d.r.c.RepositoryConfigurationDelegate : Multiple Spring Data modules found, entering strict repository configuration mode
2025-05-16T16:23:56.087+08:00  INFO 9712 --- [springboot-jpa] [main] .s.d.r.c.RepositoryConfigurationDelegate : Bootstrapping Spring Data JDBC repositories in DEFAULT mode.
2025-05-16T16:23:56.102+08:00  INFO 9712 --- [springboot-jpa] [main] .s.d.r.c.RepositoryConfigurationDelegate : Finished Spring Data repository scanning in 7 ms. Found 0 JDBC repository interfaces.
2025-05-16T16:23:56.108+08:00  INFO 9712 --- [springboot-jpa] [main] .s.d.r.c.RepositoryConfigurationDelegate : Multiple Spring Data modules found, entering strict repository configuration mode
2025-05-16T16:23:56.109+08:00  INFO 9712 --- [springboot-jpa] [main] .s.d.r.c.RepositoryConfigurationDelegate : Bootstrapping Spring Data JPA repositories in DEFAULT mode.
2025-05-16T16:23:56.112+08:00  INFO 9712 --- [springboot-jpa] [main] .s.d.r.c.RepositoryConfigurationDelegate : Finished Spring Data repository scanning in 0 ms. Found 0 JPA repository interfaces.
2025-05-16T16:23:56.324+08:00  INFO 9712 --- [springboot-jpa] [main] o.s.b.w.embedded.tomcat.TomcatWebServer  : Tomcat initialized with port 8081 (http)
2025-05-16T16:23:56.333+08:00  INFO 9712 --- [springboot-jpa] [main] o.apache.catalina.core.StandardService   : Starting service [Tomcat]
2025-05-16T16:23:56.333+08:00  INFO 9712 --- [springboot-jpa] [main] o.apache.catalina.core.StandardEngine    : Starting Servlet engine: [Apache Tomcat/10.1.40]
2025-05-16T16:23:56.436+08:00  INFO 9712 --- [springboot-jpa] [main] org.apache.jasper.servlet.TldScanner     : At least one JAR was scanned for TLDs yet contained no TLDs. Enable debug logging for this logger for a complete list of JARs that were scanned but no TLDs were found in them. Skipping unneeded JARs during scanning can improve startup time and JSP compilation time.
2025-05-16T16:23:56.440+08:00  INFO 9712 --- [springboot-jpa] [main] o.a.c.c.C.[Tomcat].[localhost].[/]       : Initializing Spring embedded WebApplicationContext
2025-05-16T16:23:56.440+08:00  INFO 9712 --- [springboot-jpa] [main] w.s.c.ServletWebServerApplicationContext : Root WebApplicationContext: initialization completed in 635 ms
2025-05-16T16:23:56.516+08:00  INFO 9712 --- [springboot-jpa] [main] o.hibernate.jpa.internal.util.LogHelper  : HHH000204: Processing PersistenceUnitInfo [name: default]
2025-05-16T16:23:56.541+08:00  INFO 9712 --- [springboot-jpa] [main] org.hibernate.Version                    : HHH000412: Hibernate ORM core version 6.6.13.Final
2025-05-16T16:23:56.558+08:00  INFO 9712 --- [springboot-jpa] [main] o.h.c.internal.RegionFactoryInitiator    : HHH000026: Second-level cache disabled
2025-05-16T16:23:56.702+08:00  INFO 9712 --- [springboot-jpa] [main] o.s.o.j.p.SpringPersistenceUnitInfo      : No LoadTimeWeaver setup: ignoring JPA class transformer
2025-05-16T16:23:56.718+08:00  INFO 9712 --- [springboot-jpa] [main] com.zaxxer.hikari.HikariDataSource       : HikariPool-1 - Starting...
2025-05-16T16:23:56.804+08:00  INFO 9712 --- [springboot-jpa] [main] com.zaxxer.hikari.pool.HikariPool        : HikariPool-1 - Added connection com.mysql.cj.jdbc.ConnectionImpl@7bf65e0f
2025-05-16T16:23:56.806+08:00  INFO 9712 --- [springboot-jpa] [main] com.zaxxer.hikari.HikariDataSource       : HikariPool-1 - Start completed.
2025-05-16T16:23:56.851+08:00  INFO 9712 --- [springboot-jpa] [main] org.hibernate.orm.connections.pooling    : HHH10001005: Database info:
	Database JDBC URL [Connecting through datasource 'HikariDataSource (HikariPool-1)']
	Database driver: undefined/unknown
	Database version: 8.0.34
	Autocommit mode: undefined/unknown
	Isolation level: undefined/unknown
	Minimum pool size: undefined/unknown
	Maximum pool size: undefined/unknown
2025-05-16T16:23:57.279+08:00  INFO 9712 --- [springboot-jpa] [main] o.h.e.t.j.p.i.JtaPlatformInitiator       : HHH000489: No JTA platform available (set 'hibernate.transaction.jta.platform' to enable JTA platform integration)
2025-05-16T16:23:57.643+08:00  INFO 9712 --- [springboot-jpa] [main] j.LocalContainerEntityManagerFactoryBean : Initialized JPA EntityManagerFactory for persistence unit 'default'
2025-05-16T16:23:57.943+08:00  INFO 9712 --- [springboot-jpa] [main] o.s.b.w.embedded.tomcat.TomcatWebServer  : Tomcat started on port 8081 (http) with context path '/'
2025-05-16T16:23:57.949+08:00  INFO 9712 --- [springboot-jpa] [main] c.example.demo.SpringbootJpaApplication  : Started SpringbootJpaApplication in 2.377 seconds (process running for 2.698)
2025-05-16T16:41:02.283+08:00  INFO 9712 --- [springboot-jpa] [RMI TCP Connection(25)-127.0.0.1] inMXBeanRegistrar$SpringApplicationAdmin : Application shutdown requested.
2025-05-16T16:41:02.284+08:00  INFO 9712 --- [springboot-jpa] [RMI TCP Connection(25)-127.0.0.1] o.s.b.w.e.tomcat.GracefulShutdown        : Commencing graceful shutdown. Waiting for active requests to complete
2025-05-16T16:41:02.286+08:00  INFO 9712 --- [springboot-jpa] [tomcat-shutdown] o.s.b.w.e.tomcat.GracefulShutdown        : Graceful shutdown complete
2025-05-16T16:41:02.288+08:00  INFO 9712 --- [springboot-jpa] [RMI TCP Connection(25)-127.0.0.1] j.LocalContainerEntityManagerFactoryBean : Closing JPA EntityManagerFactory for persistence unit 'default'
2025-05-16T16:41:02.290+08:00  INFO 9712 --- [springboot-jpa] [RMI TCP Connection(25)-127.0.0.1] com.zaxxer.hikari.HikariDataSource       : HikariPool-1 - Shutdown initiated...
2025-05-16T16:41:02.293+08:00  INFO 9712 --- [springboot-jpa] [RMI TCP Connection(25)-127.0.0.1] com.zaxxer.hikari.HikariDataSource       : HikariPool-1 - Shutdown completed.
2025-05-16T16:48:41.686+08:00  INFO 17420 --- [springboot-jpa] [main] com.example.demo.RoomJPATest             : Starting RoomJPATest using Java 21.0.6 with PID 17420 (started by NTPU in E:\EclipseProject\springboot-jpa)
2025-05-16T16:48:41.687+08:00  INFO 17420 --- [springboot-jpa] [main] com.example.demo.RoomJPATest             : No active profile set, falling back to 1 default profile: "default"
2025-05-16T16:48:42.058+08:00  INFO 17420 --- [springboot-jpa] [main] .s.d.r.c.RepositoryConfigurationDelegate : Multiple Spring Data modules found, entering strict repository configuration mode
2025-05-16T16:48:42.059+08:00  INFO 17420 --- [springboot-jpa] [main] .s.d.r.c.RepositoryConfigurationDelegate : Bootstrapping Spring Data JDBC repositories in DEFAULT mode.
2025-05-16T16:48:42.083+08:00  INFO 17420 --- [springboot-jpa] [main] .RepositoryConfigurationExtensionSupport : Spring Data JDBC - Could not safely identify store assignment for repository candidate interface com.example.demo.repository.RoomRepository; If you want this repository to be a JDBC repository, consider annotating your entities with one of these annotations: org.springframework.data.relational.core.mapping.Table.
2025-05-16T16:48:42.083+08:00  INFO 17420 --- [springboot-jpa] [main] .s.d.r.c.RepositoryConfigurationDelegate : Finished Spring Data repository scanning in 18 ms. Found 0 JDBC repository interfaces.
2025-05-16T16:48:42.092+08:00  INFO 17420 --- [springboot-jpa] [main] .s.d.r.c.RepositoryConfigurationDelegate : Multiple Spring Data modules found, entering strict repository configuration mode
2025-05-16T16:48:42.093+08:00  INFO 17420 --- [springboot-jpa] [main] .s.d.r.c.RepositoryConfigurationDelegate : Bootstrapping Spring Data JPA repositories in DEFAULT mode.
2025-05-16T16:48:42.111+08:00  INFO 17420 --- [springboot-jpa] [main] .s.d.r.c.RepositoryConfigurationDelegate : Finished Spring Data repository scanning in 14 ms. Found 1 JPA repository interface.
2025-05-16T16:48:42.330+08:00  INFO 17420 --- [springboot-jpa] [main] o.hibernate.jpa.internal.util.LogHelper  : HHH000204: Processing PersistenceUnitInfo [name: default]
2025-05-16T16:48:42.362+08:00  INFO 17420 --- [springboot-jpa] [main] org.hibernate.Version                    : HHH000412: Hibernate ORM core version 6.6.13.Final
2025-05-16T16:48:42.387+08:00  INFO 17420 --- [springboot-jpa] [main] o.h.c.internal.RegionFactoryInitiator    : HHH000026: Second-level cache disabled
2025-05-16T16:48:42.581+08:00  INFO 17420 --- [springboot-jpa] [main] o.s.o.j.p.SpringPersistenceUnitInfo      : No LoadTimeWeaver setup: ignoring JPA class transformer
2025-05-16T16:48:42.603+08:00  INFO 17420 --- [springboot-jpa] [main] com.zaxxer.hikari.HikariDataSource       : HikariPool-1 - Starting...
2025-05-16T16:48:42.718+08:00  INFO 17420 --- [springboot-jpa] [main] com.zaxxer.hikari.pool.HikariPool        : HikariPool-1 - Added connection com.mysql.cj.jdbc.ConnectionImpl@749baa0c
2025-05-16T16:48:42.720+08:00  INFO 17420 --- [springboot-jpa] [main] com.zaxxer.hikari.HikariDataSource       : HikariPool-1 - Start completed.
2025-05-16T16:48:42.766+08:00  INFO 17420 --- [springboot-jpa] [main] org.hibernate.orm.connections.pooling    : HHH10001005: Database info:
	Database JDBC URL [Connecting through datasource 'HikariDataSource (HikariPool-1)']
	Database driver: undefined/unknown
	Database version: 8.0.34
	Autocommit mode: undefined/unknown
	Isolation level: undefined/unknown
	Minimum pool size: undefined/unknown
	Maximum pool size: undefined/unknown
2025-05-16T16:48:43.197+08:00  INFO 17420 --- [springboot-jpa] [main] o.h.e.t.j.p.i.JtaPlatformInitiator       : HHH000489: No JTA platform available (set 'hibernate.transaction.jta.platform' to enable JTA platform integration)
2025-05-16T16:48:43.222+08:00  INFO 17420 --- [springboot-jpa] [main] j.LocalContainerEntityManagerFactoryBean : Initialized JPA EntityManagerFactory for persistence unit 'default'
2025-05-16T16:48:43.749+08:00  INFO 17420 --- [springboot-jpa] [main] com.example.demo.RoomJPATest             : Started RoomJPATest in 2.261 seconds (process running for 2.892)
2025-05-16T16:48:56.302+08:00  INFO 17420 --- [springboot-jpa] [SpringApplicationShutdownHook] j.LocalContainerEntityManagerFactoryBean : Closing JPA EntityManagerFactory for persistence unit 'default'
2025-05-16T16:48:56.303+08:00  INFO 17420 --- [springboot-jpa] [SpringApplicationShutdownHook] com.zaxxer.hikari.HikariDataSource       : HikariPool-1 - Shutdown initiated...
2025-05-16T16:48:56.308+08:00  INFO 17420 --- [springboot-jpa] [SpringApplicationShutdownHook] com.zaxxer.hikari.HikariDataSource       : HikariPool-1 - Shutdown completed.
2025-05-16T16:49:15.371+08:00  INFO 5728 --- [springboot-jpa] [main] com.example.demo.RoomJPATest             : Starting RoomJPATest using Java 21.0.6 with PID 5728 (started by NTPU in E:\EclipseProject\springboot-jpa)
2025-05-16T16:49:15.372+08:00  INFO 5728 --- [springboot-jpa] [main] com.example.demo.RoomJPATest             : No active profile set, falling back to 1 default profile: "default"
2025-05-16T16:49:15.746+08:00  INFO 5728 --- [springboot-jpa] [main] .s.d.r.c.RepositoryConfigurationDelegate : Multiple Spring Data modules found, entering strict repository configuration mode
2025-05-16T16:49:15.746+08:00  INFO 5728 --- [springboot-jpa] [main] .s.d.r.c.RepositoryConfigurationDelegate : Bootstrapping Spring Data JDBC repositories in DEFAULT mode.
2025-05-16T16:49:15.769+08:00  INFO 5728 --- [springboot-jpa] [main] .RepositoryConfigurationExtensionSupport : Spring Data JDBC - Could not safely identify store assignment for repository candidate interface com.example.demo.repository.RoomRepository; If you want this repository to be a JDBC repository, consider annotating your entities with one of these annotations: org.springframework.data.relational.core.mapping.Table.
2025-05-16T16:49:15.769+08:00  INFO 5728 --- [springboot-jpa] [main] .s.d.r.c.RepositoryConfigurationDelegate : Finished Spring Data repository scanning in 18 ms. Found 0 JDBC repository interfaces.
2025-05-16T16:49:15.779+08:00  INFO 5728 --- [springboot-jpa] [main] .s.d.r.c.RepositoryConfigurationDelegate : Multiple Spring Data modules found, entering strict repository configuration mode
2025-05-16T16:49:15.779+08:00  INFO 5728 --- [springboot-jpa] [main] .s.d.r.c.RepositoryConfigurationDelegate : Bootstrapping Spring Data JPA repositories in DEFAULT mode.
2025-05-16T16:49:15.797+08:00  INFO 5728 --- [springboot-jpa] [main] .s.d.r.c.RepositoryConfigurationDelegate : Finished Spring Data repository scanning in 13 ms. Found 1 JPA repository interface.
2025-05-16T16:49:16.017+08:00  INFO 5728 --- [springboot-jpa] [main] o.hibernate.jpa.internal.util.LogHelper  : HHH000204: Processing PersistenceUnitInfo [name: default]
2025-05-16T16:49:16.049+08:00  INFO 5728 --- [springboot-jpa] [main] org.hibernate.Version                    : HHH000412: Hibernate ORM core version 6.6.13.Final
2025-05-16T16:49:16.072+08:00  INFO 5728 --- [springboot-jpa] [main] o.h.c.internal.RegionFactoryInitiator    : HHH000026: Second-level cache disabled
2025-05-16T16:49:16.264+08:00  INFO 5728 --- [springboot-jpa] [main] o.s.o.j.p.SpringPersistenceUnitInfo      : No LoadTimeWeaver setup: ignoring JPA class transformer
2025-05-16T16:49:16.286+08:00  INFO 5728 --- [springboot-jpa] [main] com.zaxxer.hikari.HikariDataSource       : HikariPool-1 - Starting...
2025-05-16T16:49:16.398+08:00  INFO 5728 --- [springboot-jpa] [main] com.zaxxer.hikari.pool.HikariPool        : HikariPool-1 - Added connection com.mysql.cj.jdbc.ConnectionImpl@12e5d3e1
2025-05-16T16:49:16.399+08:00  INFO 5728 --- [springboot-jpa] [main] com.zaxxer.hikari.HikariDataSource       : HikariPool-1 - Start completed.
2025-05-16T16:49:16.448+08:00  INFO 5728 --- [springboot-jpa] [main] org.hibernate.orm.connections.pooling    : HHH10001005: Database info:
	Database JDBC URL [Connecting through datasource 'HikariDataSource (HikariPool-1)']
	Database driver: undefined/unknown
	Database version: 8.0.34
	Autocommit mode: undefined/unknown
	Isolation level: undefined/unknown
	Minimum pool size: undefined/unknown
	Maximum pool size: undefined/unknown
2025-05-16T16:49:16.887+08:00  INFO 5728 --- [springboot-jpa] [main] o.h.e.t.j.p.i.JtaPlatformInitiator       : HHH000489: No JTA platform available (set 'hibernate.transaction.jta.platform' to enable JTA platform integration)
2025-05-16T16:49:16.914+08:00  INFO 5728 --- [springboot-jpa] [main] j.LocalContainerEntityManagerFactoryBean : Initialized JPA EntityManagerFactory for persistence unit 'default'
2025-05-16T16:49:17.434+08:00  INFO 5728 --- [springboot-jpa] [main] com.example.demo.RoomJPATest             : Started RoomJPATest in 2.257 seconds (process running for 2.829)
2025-05-16T16:49:31.271+08:00  INFO 5728 --- [springboot-jpa] [SpringApplicationShutdownHook] j.LocalContainerEntityManagerFactoryBean : Closing JPA EntityManagerFactory for persistence unit 'default'
2025-05-16T16:49:31.273+08:00  INFO 5728 --- [springboot-jpa] [SpringApplicationShutdownHook] com.zaxxer.hikari.HikariDataSource       : HikariPool-1 - Shutdown initiated...
2025-05-16T16:49:31.278+08:00  INFO 5728 --- [springboot-jpa] [SpringApplicationShutdownHook] com.zaxxer.hikari.HikariDataSource       : HikariPool-1 - Shutdown completed.
2025-05-16T16:49:38.508+08:00  INFO 10824 --- [springboot-jpa] [main] com.example.demo.RoomJPATest             : Starting RoomJPATest using Java 21.0.6 with PID 10824 (started by NTPU in E:\EclipseProject\springboot-jpa)
2025-05-16T16:49:38.509+08:00  INFO 10824 --- [springboot-jpa] [main] com.example.demo.RoomJPATest             : No active profile set, falling back to 1 default profile: "default"
2025-05-16T16:49:38.872+08:00  INFO 10824 --- [springboot-jpa] [main] .s.d.r.c.RepositoryConfigurationDelegate : Multiple Spring Data modules found, entering strict repository configuration mode
2025-05-16T16:49:38.874+08:00  INFO 10824 --- [springboot-jpa] [main] .s.d.r.c.RepositoryConfigurationDelegate : Bootstrapping Spring Data JDBC repositories in DEFAULT mode.
2025-05-16T16:49:38.898+08:00  INFO 10824 --- [springboot-jpa] [main] .RepositoryConfigurationExtensionSupport : Spring Data JDBC - Could not safely identify store assignment for repository candidate interface com.example.demo.repository.RoomRepository; If you want this repository to be a JDBC repository, consider annotating your entities with one of these annotations: org.springframework.data.relational.core.mapping.Table.
2025-05-16T16:49:38.899+08:00  INFO 10824 --- [springboot-jpa] [main] .s.d.r.c.RepositoryConfigurationDelegate : Finished Spring Data repository scanning in 20 ms. Found 0 JDBC repository interfaces.
2025-05-16T16:49:38.908+08:00  INFO 10824 --- [springboot-jpa] [main] .s.d.r.c.RepositoryConfigurationDelegate : Multiple Spring Data modules found, entering strict repository configuration mode
2025-05-16T16:49:38.908+08:00  INFO 10824 --- [springboot-jpa] [main] .s.d.r.c.RepositoryConfigurationDelegate : Bootstrapping Spring Data JPA repositories in DEFAULT mode.
2025-05-16T16:49:38.925+08:00  INFO 10824 --- [springboot-jpa] [main] .s.d.r.c.RepositoryConfigurationDelegate : Finished Spring Data repository scanning in 13 ms. Found 1 JPA repository interface.
2025-05-16T16:49:39.144+08:00  INFO 10824 --- [springboot-jpa] [main] o.hibernate.jpa.internal.util.LogHelper  : HHH000204: Processing PersistenceUnitInfo [name: default]
2025-05-16T16:49:39.176+08:00  INFO 10824 --- [springboot-jpa] [main] org.hibernate.Version                    : HHH000412: Hibernate ORM core version 6.6.13.Final
2025-05-16T16:49:39.198+08:00  INFO 10824 --- [springboot-jpa] [main] o.h.c.internal.RegionFactoryInitiator    : HHH000026: Second-level cache disabled
2025-05-16T16:49:39.390+08:00  INFO 10824 --- [springboot-jpa] [main] o.s.o.j.p.SpringPersistenceUnitInfo      : No LoadTimeWeaver setup: ignoring JPA class transformer
2025-05-16T16:49:39.410+08:00  INFO 10824 --- [springboot-jpa] [main] com.zaxxer.hikari.HikariDataSource       : HikariPool-1 - Starting...
2025-05-16T16:49:39.520+08:00  INFO 10824 --- [springboot-jpa] [main] com.zaxxer.hikari.pool.HikariPool        : HikariPool-1 - Added connection com.mysql.cj.jdbc.ConnectionImpl@2fb082ff
2025-05-16T16:49:39.522+08:00  INFO 10824 --- [springboot-jpa] [main] com.zaxxer.hikari.HikariDataSource       : HikariPool-1 - Start completed.
2025-05-16T16:49:39.568+08:00  INFO 10824 --- [springboot-jpa] [main] org.hibernate.orm.connections.pooling    : HHH10001005: Database info:
	Database JDBC URL [Connecting through datasource 'HikariDataSource (HikariPool-1)']
	Database driver: undefined/unknown
	Database version: 8.0.34
	Autocommit mode: undefined/unknown
	Isolation level: undefined/unknown
	Minimum pool size: undefined/unknown
	Maximum pool size: undefined/unknown
2025-05-16T16:49:40.011+08:00  INFO 10824 --- [springboot-jpa] [main] o.h.e.t.j.p.i.JtaPlatformInitiator       : HHH000489: No JTA platform available (set 'hibernate.transaction.jta.platform' to enable JTA platform integration)
2025-05-16T16:49:40.036+08:00  INFO 10824 --- [springboot-jpa] [main] j.LocalContainerEntityManagerFactoryBean : Initialized JPA EntityManagerFactory for persistence unit 'default'
2025-05-16T16:49:40.556+08:00  INFO 10824 --- [springboot-jpa] [main] com.example.demo.RoomJPATest             : Started RoomJPATest in 2.243 seconds (process running for 2.851)
2025-05-16T16:49:50.491+08:00  INFO 10824 --- [springboot-jpa] [SpringApplicationShutdownHook] j.LocalContainerEntityManagerFactoryBean : Closing JPA EntityManagerFactory for persistence unit 'default'
2025-05-16T16:49:50.492+08:00  INFO 10824 --- [springboot-jpa] [SpringApplicationShutdownHook] com.zaxxer.hikari.HikariDataSource       : HikariPool-1 - Shutdown initiated...
2025-05-16T16:49:50.497+08:00  INFO 10824 --- [springboot-jpa] [SpringApplicationShutdownHook] com.zaxxer.hikari.HikariDataSource       : HikariPool-1 - Shutdown completed.
